TpTrace Verbose: 0 : 10280, 1, 2023/09/08, 23:25:09.617, 1378763770328, vstest.console.dll, Version: 17.6.3-release-20230616-01 Current process architecture: X64
TpTrace Verbose: 0 : 10280, 1, 2023/09/08, 23:25:09.622, 1378763829090, vstest.console.dll, Runtime location: C:\Program Files\dotnet\shared\Microsoft.NETCore.App\7.0.9
TpTrace Verbose: 0 : 10280, 1, 2023/09/08, 23:25:09.630, 1378763909401, vstest.console.dll, ArtifactProcessingPostProcessModeProcessorExecutor.Initialize: ArtifactProcessingMode.Collect
TpTrace Verbose: 0 : 10280, 1, 2023/09/08, 23:25:09.631, 1378763911416, vstest.console.dll, TestSessionCorrelationIdProcessorModeProcessorExecutor.Initialize: TestSessionCorrelationId '24408_2377046f-84aa-47a9-8959-80f8a565c68d'
TpTrace Information: 0 : 10280, 1, 2023/09/08, 23:25:09.654, 1378764148091, vstest.console.dll, FilePatternParser: The given file C:\Users\user\Documents\DecagonTasks\week-3-task-Esosa-Agbonavbare\BankApplicationTest\bin\Debug\net6.0\fine-code-coverage\build-output\BankApplicationTest.dll is a full path.
TpTrace Verbose: 0 : 10280, 1, 2023/09/08, 23:25:09.673, 1378764336795, vstest.console.dll, TestPluginCache.DiscoverTestExtensions: finding test extensions in assemblies ends with: RuntimeProvider.dll TPluginInfo: Microsoft.VisualStudio.TestPlatform.Common.ExtensionFramework.Utilities.TestRuntimePluginInformation TExtension: Microsoft.VisualStudio.TestPlatform.ObjectModel.Host.ITestRuntimeProvider
TpTrace Verbose: 0 : 10280, 1, 2023/09/08, 23:25:09.674, 1378764345230, vstest.console.dll, TestPluginCache.GetExtensionPaths: Filtered extension paths: 
TpTrace Verbose: 0 : 10280, 1, 2023/09/08, 23:25:09.674, 1378764347282, vstest.console.dll, TestPluginCache.GetExtensionPaths: Added default extension paths: C:\Program Files\dotnet\sdk\7.0.306\Extensions\Microsoft.Diagnostics.NETCore.Client.dll
C:\Program Files\dotnet\sdk\7.0.306\Extensions\Microsoft.TestPlatform.Extensions.BlameDataCollector.dll
C:\Program Files\dotnet\sdk\7.0.306\Extensions\Microsoft.TestPlatform.Extensions.EventLogCollector.dll
C:\Program Files\dotnet\sdk\7.0.306\Extensions\Microsoft.TestPlatform.TestHostRuntimeProvider.dll
C:\Program Files\dotnet\sdk\7.0.306\Extensions\Microsoft.VisualStudio.TestPlatform.Extensions.Html.TestLogger.dll
C:\Program Files\dotnet\sdk\7.0.306\Extensions\Microsoft.VisualStudio.TestPlatform.Extensions.Trx.TestLogger.dll
TpTrace Verbose: 0 : 10280, 1, 2023/09/08, 23:25:09.674, 1378764348069, vstest.console.dll, TestPluginCache.GetExtensionPaths: Added unfilterableExtensionPaths: 
TpTrace Information: 0 : 10280, 1, 2023/09/08, 23:25:09.676, 1378764364985, vstest.console.dll, AssemblyResolver.ctor: Creating AssemblyResolver with searchDirectories C:\Program Files\dotnet\sdk\7.0.306\Extensions,C:\Program Files\dotnet\sdk\7.0.306
TpTrace Verbose: 0 : 10280, 1, 2023/09/08, 23:25:09.679, 1378764395754, vstest.console.dll, TestPluginCache.DiscoverTestExtensions: Discovering the extensions using extension path.
TpTrace Verbose: 0 : 10280, 1, 2023/09/08, 23:25:09.679, 1378764398605, vstest.console.dll, TestPluginCache.GetExtensionPaths: Filtered extension paths: 
TpTrace Verbose: 0 : 10280, 1, 2023/09/08, 23:25:09.679, 1378764399532, vstest.console.dll, TestPluginCache.GetExtensionPaths: Added default extension paths: C:\Program Files\dotnet\sdk\7.0.306\Extensions\Microsoft.Diagnostics.NETCore.Client.dll
C:\Program Files\dotnet\sdk\7.0.306\Extensions\Microsoft.TestPlatform.Extensions.BlameDataCollector.dll
C:\Program Files\dotnet\sdk\7.0.306\Extensions\Microsoft.TestPlatform.Extensions.EventLogCollector.dll
C:\Program Files\dotnet\sdk\7.0.306\Extensions\Microsoft.TestPlatform.TestHostRuntimeProvider.dll
C:\Program Files\dotnet\sdk\7.0.306\Extensions\Microsoft.VisualStudio.TestPlatform.Extensions.Html.TestLogger.dll
C:\Program Files\dotnet\sdk\7.0.306\Extensions\Microsoft.VisualStudio.TestPlatform.Extensions.Trx.TestLogger.dll
TpTrace Verbose: 0 : 10280, 1, 2023/09/08, 23:25:09.680, 1378764400297, vstest.console.dll, TestPluginCache.GetExtensionPaths: Added unfilterableExtensionPaths: 
TpTrace Verbose: 0 : 10280, 1, 2023/09/08, 23:25:09.680, 1378764402970, vstest.console.dll, TestPluginCache.DiscoverTestExtensions: Discovering the extensions using allExtensionPaths: C:\Program Files\dotnet\sdk\7.0.306\Extensions\Microsoft.Diagnostics.NETCore.Client.dll
C:\Program Files\dotnet\sdk\7.0.306\Extensions\Microsoft.TestPlatform.Extensions.BlameDataCollector.dll
C:\Program Files\dotnet\sdk\7.0.306\Extensions\Microsoft.TestPlatform.Extensions.EventLogCollector.dll
C:\Program Files\dotnet\sdk\7.0.306\Extensions\Microsoft.TestPlatform.TestHostRuntimeProvider.dll
C:\Program Files\dotnet\sdk\7.0.306\Extensions\Microsoft.VisualStudio.TestPlatform.Extensions.Html.TestLogger.dll
C:\Program Files\dotnet\sdk\7.0.306\Extensions\Microsoft.VisualStudio.TestPlatform.Extensions.Trx.TestLogger.dll
TpTrace Information: 0 : 10280, 1, 2023/09/08, 23:25:09.680, 1378764405971, vstest.console.dll, AssemblyResolver.AddSearchDirectories: Adding more searchDirectories C:\Program Files\dotnet\sdk\7.0.306\Extensions,C:\Program Files\dotnet\sdk\7.0.306
TpTrace Information: 0 : 10280, 1, 2023/09/08, 23:25:09.680, 1378764407686, vstest.console.dll, AssemblyResolver.AddSearchDirectories: Adding more searchDirectories C:\Program Files\dotnet\sdk\7.0.306\Extensions,C:\Program Files\dotnet\sdk\7.0.306
TpTrace Information: 0 : 10280, 1, 2023/09/08, 23:25:09.680, 1378764408651, vstest.console.dll, AssemblyResolver.AddSearchDirectories: Adding more searchDirectories C:\Program Files\dotnet\sdk\7.0.306\Extensions,C:\Program Files\dotnet\sdk\7.0.306
TpTrace Information: 0 : 10280, 1, 2023/09/08, 23:25:09.680, 1378764409342, vstest.console.dll, AssemblyResolver.AddSearchDirectories: Adding more searchDirectories C:\Program Files\dotnet\sdk\7.0.306\Extensions,C:\Program Files\dotnet\sdk\7.0.306
TpTrace Information: 0 : 10280, 1, 2023/09/08, 23:25:09.681, 1378764409973, vstest.console.dll, AssemblyResolver.AddSearchDirectories: Adding more searchDirectories C:\Program Files\dotnet\sdk\7.0.306\Extensions,C:\Program Files\dotnet\sdk\7.0.306
TpTrace Information: 0 : 10280, 1, 2023/09/08, 23:25:09.681, 1378764410596, vstest.console.dll, AssemblyResolver.AddSearchDirectories: Adding more searchDirectories C:\Program Files\dotnet\sdk\7.0.306\Extensions,C:\Program Files\dotnet\sdk\7.0.306
TpTrace Information: 0 : 10280, 1, 2023/09/08, 23:25:09.681, 1378764419705, vstest.console.dll, AssemblyResolver.OnResolve: Microsoft.Diagnostics.NETCore.Client: Resolving assembly.
TpTrace Information: 0 : 10280, 1, 2023/09/08, 23:25:09.682, 1378764421314, vstest.console.dll, AssemblyResolver.OnResolve: Microsoft.Diagnostics.NETCore.Client: Searching in: 'C:\Program Files\dotnet\sdk\7.0.306\Extensions'.
TpTrace Information: 0 : 10280, 1, 2023/09/08, 23:25:09.712, 1378764725562, vstest.console.dll, AssemblyResolver.OnResolve: Microsoft.Diagnostics.NETCore.Client: Loading assembly 'C:\Program Files\dotnet\sdk\7.0.306\Extensions\Microsoft.Diagnostics.NETCore.Client.dll'.
TpTrace Information: 0 : 10280, 1, 2023/09/08, 23:25:09.716, 1378764769226, vstest.console.dll, AssemblyResolver.OnResolve: Resolved assembly: Microsoft.Diagnostics.NETCore.Client, from path: C:\Program Files\dotnet\sdk\7.0.306\Extensions\Microsoft.Diagnostics.NETCore.Client.dll
TpTrace Verbose: 0 : 10280, 1, 2023/09/08, 23:25:09.720, 1378764802223, vstest.console.dll, MetadataReaderExtensionsHelper: Discovering extensions inside assembly 'Microsoft.Diagnostics.NETCore.Client, Version=0.2.6.42401, Culture=neutral, PublicKeyToken=31bf3856ad364e35' file path 'C:\Program Files\dotnet\sdk\7.0.306\Extensions\Microsoft.Diagnostics.NETCore.Client.dll'
TpTrace Information: 0 : 10280, 1, 2023/09/08, 23:25:09.736, 1378764961283, vstest.console.dll, AssemblyResolver.OnResolve: Microsoft.Bcl.AsyncInterfaces: Resolving assembly.
TpTrace Information: 0 : 10280, 1, 2023/09/08, 23:25:09.736, 1378764963137, vstest.console.dll, AssemblyResolver.OnResolve: Microsoft.Bcl.AsyncInterfaces: Searching in: 'C:\Program Files\dotnet\sdk\7.0.306\Extensions'.
TpTrace Information: 0 : 10280, 1, 2023/09/08, 23:25:09.736, 1378764964628, vstest.console.dll, AssemblyResolver.OnResolve: Microsoft.Bcl.AsyncInterfaces: Assembly path does not exist: 'C:\Program Files\dotnet\sdk\7.0.306\Extensions\Microsoft.Bcl.AsyncInterfaces.dll', returning.
TpTrace Information: 0 : 10280, 1, 2023/09/08, 23:25:09.736, 1378764966515, vstest.console.dll, AssemblyResolver.OnResolve: Microsoft.Bcl.AsyncInterfaces: Assembly path does not exist: 'C:\Program Files\dotnet\sdk\7.0.306\Extensions\Microsoft.Bcl.AsyncInterfaces.exe', returning.
TpTrace Information: 0 : 10280, 1, 2023/09/08, 23:25:09.736, 1378764967462, vstest.console.dll, AssemblyResolver.OnResolve: Microsoft.Bcl.AsyncInterfaces: Searching in: 'C:\Program Files\dotnet\sdk\7.0.306'.
TpTrace Information: 0 : 10280, 1, 2023/09/08, 23:25:09.736, 1378764969142, vstest.console.dll, AssemblyResolver.OnResolve: Microsoft.Bcl.AsyncInterfaces: Assembly path does not exist: 'C:\Program Files\dotnet\sdk\7.0.306\Microsoft.Bcl.AsyncInterfaces.dll', returning.
TpTrace Information: 0 : 10280, 1, 2023/09/08, 23:25:09.737, 1378764970361, vstest.console.dll, AssemblyResolver.OnResolve: Microsoft.Bcl.AsyncInterfaces: Assembly path does not exist: 'C:\Program Files\dotnet\sdk\7.0.306\Microsoft.Bcl.AsyncInterfaces.exe', returning.
TpTrace Information: 0 : 10280, 1, 2023/09/08, 23:25:09.737, 1378764970999, vstest.console.dll, AssemblyResolver.OnResolve: Microsoft.Bcl.AsyncInterfaces: Failed to load assembly.
TpTrace Verbose: 0 : 10280, 1, 2023/09/08, 23:25:09.737, 1378764972024, vstest.console.dll, CurrentDomainAssemblyResolve: Resolving assembly 'Microsoft.Bcl.AsyncInterfaces'.
TpTrace Information: 0 : 10280, 1, 2023/09/08, 23:25:09.737, 1378764973244, vstest.console.dll, AssemblyResolver.OnResolve: Microsoft.Bcl.AsyncInterfaces: Resolving assembly.
TpTrace Information: 0 : 10280, 1, 2023/09/08, 23:25:09.737, 1378764973974, vstest.console.dll, AssemblyResolver.OnResolve: Microsoft.Bcl.AsyncInterfaces: Resolved from cache.
TpTrace Verbose: 0 : 10280, 1, 2023/09/08, 23:25:09.737, 1378764974440, vstest.console.dll, CurrentDomainAssemblyResolve: Resolving assembly 'Microsoft.Bcl.AsyncInterfaces'.
TpTrace Verbose: 0 : 10280, 1, 2023/09/08, 23:25:09.737, 1378764975028, vstest.console.dll, CurrentDomainAssemblyResolve: Failed to resolve assembly 'Microsoft.Bcl.AsyncInterfaces'.
TpTrace Verbose: 0 : 10280, 1, 2023/09/08, 23:25:09.758, 1378765185900, vstest.console.dll, CurrentDomainAssemblyResolve: Failed to resolve assembly 'Microsoft.Bcl.AsyncInterfaces'.
TpTrace Warning: 0 : 10280, 1, 2023/09/08, 23:25:09.786, 1378765467907, vstest.console.dll, TestPluginDiscoverer: Failed to get types from assembly 'Microsoft.Diagnostics.NETCore.Client, Version=0.2.6.42401, Culture=neutral, PublicKeyToken=31bf3856ad364e35'. Error: System.Reflection.ReflectionTypeLoadException: Unable to load one or more of the requested types.
Could not load file or assembly 'Microsoft.Bcl.AsyncInterfaces, Version=1.0.0.0, Culture=neutral, PublicKeyToken=cc7b13ffcd2ddd51'. The system cannot find the file specified.
   at System.Reflection.RuntimeModule.GetTypes(RuntimeModule module)
   at System.Reflection.Assembly.GetTypes()
   at Microsoft.VisualStudio.TestPlatform.Common.ExtensionFramework.TestPluginDiscoverer.GetTestExtensionsFromAssembly[TPluginInfo,TExtension](Assembly assembly, Dictionary`2 pluginInfos, String filePath)
System.IO.FileNotFoundException: Could not load file or assembly 'Microsoft.Bcl.AsyncInterfaces, Version=1.0.0.0, Culture=neutral, PublicKeyToken=cc7b13ffcd2ddd51'. The system cannot find the file specified.
File name: 'Microsoft.Bcl.AsyncInterfaces, Version=1.0.0.0, Culture=neutral, PublicKeyToken=cc7b13ffcd2ddd51'
 ---> System.IO.FileNotFoundException: Could not load file or assembly 'Microsoft.Bcl.AsyncInterfaces, Culture=neutral, PublicKeyToken=null'. The system cannot find the file specified.
File name: 'Microsoft.Bcl.AsyncInterfaces, Culture=neutral, PublicKeyToken=null'
   at System.Reflection.RuntimeAssembly.InternalLoad(AssemblyName assemblyName, StackCrawlMark& stackMark, AssemblyLoadContext assemblyLoadContext, RuntimeAssembly requestingAssembly, Boolean throwOnFileNotFound)
   at System.Reflection.Assembly.Load(AssemblyName assemblyRef)
   at Microsoft.VisualStudio.TestPlatform.Common.ExtensionFramework.TestPluginCache.CurrentDomainAssemblyResolve(Object sender, AssemblyResolveEventArgs args)
   at System.Runtime.Loader.AssemblyLoadContext.GetFirstResolvedAssemblyFromResolvingEvent(AssemblyName assemblyName)
   at System.Runtime.Loader.AssemblyLoadContext.ResolveUsingEvent(AssemblyName assemblyName)
   at System.Runtime.Loader.AssemblyLoadContext.ResolveUsingResolvingEvent(IntPtr gchManagedAssemblyLoadContext, AssemblyName assemblyName)
TpTrace Warning: 0 : 10280, 1, 2023/09/08, 23:25:09.787, 1378765476210, vstest.console.dll, LoaderExceptions: System.IO.FileNotFoundException: Could not load file or assembly 'Microsoft.Bcl.AsyncInterfaces, Version=1.0.0.0, Culture=neutral, PublicKeyToken=cc7b13ffcd2ddd51'. The system cannot find the file specified.
File name: 'Microsoft.Bcl.AsyncInterfaces, Version=1.0.0.0, Culture=neutral, PublicKeyToken=cc7b13ffcd2ddd51'
 ---> System.IO.FileNotFoundException: Could not load file or assembly 'Microsoft.Bcl.AsyncInterfaces, Culture=neutral, PublicKeyToken=null'. The system cannot find the file specified.
File name: 'Microsoft.Bcl.AsyncInterfaces, Culture=neutral, PublicKeyToken=null'
   at System.Reflection.RuntimeAssembly.InternalLoad(AssemblyName assemblyName, StackCrawlMark& stackMark, AssemblyLoadContext assemblyLoadContext, RuntimeAssembly requestingAssembly, Boolean throwOnFileNotFound)
   at System.Reflection.Assembly.Load(AssemblyName assemblyRef)
   at Microsoft.VisualStudio.TestPlatform.Common.ExtensionFramework.TestPluginCache.CurrentDomainAssemblyResolve(Object sender, AssemblyResolveEventArgs args)
   at System.Runtime.Loader.AssemblyLoadContext.GetFirstResolvedAssemblyFromResolvingEvent(AssemblyName assemblyName)
   at System.Runtime.Loader.AssemblyLoadContext.ResolveUsingEvent(AssemblyName assemblyName)
   at System.Runtime.Loader.AssemblyLoadContext.ResolveUsingResolvingEvent(IntPtr gchManagedAssemblyLoadContext, AssemblyName assemblyName)
TpTrace Information: 0 : 10280, 1, 2023/09/08, 23:25:09.787, 1378765479472, vstest.console.dll, AssemblyResolver.OnResolve: Microsoft.TestPlatform.Extensions.BlameDataCollector: Resolving assembly.
TpTrace Information: 0 : 10280, 1, 2023/09/08, 23:25:09.788, 1378765480257, vstest.console.dll, AssemblyResolver.OnResolve: Microsoft.TestPlatform.Extensions.BlameDataCollector: Searching in: 'C:\Program Files\dotnet\sdk\7.0.306\Extensions'.
TpTrace Information: 0 : 10280, 1, 2023/09/08, 23:25:09.790, 1378765500062, vstest.console.dll, AssemblyResolver.OnResolve: Microsoft.TestPlatform.Extensions.BlameDataCollector: Loading assembly 'C:\Program Files\dotnet\sdk\7.0.306\Extensions\Microsoft.TestPlatform.Extensions.BlameDataCollector.dll'.
TpTrace Information: 0 : 10280, 1, 2023/09/08, 23:25:09.791, 1378765519108, vstest.console.dll, AssemblyResolver.OnResolve: Resolved assembly: Microsoft.TestPlatform.Extensions.BlameDataCollector, from path: C:\Program Files\dotnet\sdk\7.0.306\Extensions\Microsoft.TestPlatform.Extensions.BlameDataCollector.dll
TpTrace Verbose: 0 : 10280, 1, 2023/09/08, 23:25:09.792, 1378765520913, vstest.console.dll, MetadataReaderExtensionsHelper: Discovering extensions inside assembly 'Microsoft.TestPlatform.Extensions.BlameDataCollector, Version=15.0.0.0, Culture=neutral, PublicKeyToken=b03f5f7f11d50a3a' file path 'C:\Program Files\dotnet\sdk\7.0.306\Extensions\Microsoft.TestPlatform.Extensions.BlameDataCollector.dll'
TpTrace Information: 0 : 10280, 1, 2023/09/08, 23:25:09.796, 1378765565541, vstest.console.dll, AssemblyResolver.OnResolve: Microsoft.TestPlatform.Extensions.EventLogCollector: Resolving assembly.
TpTrace Information: 0 : 10280, 1, 2023/09/08, 23:25:09.796, 1378765566989, vstest.console.dll, AssemblyResolver.OnResolve: Microsoft.TestPlatform.Extensions.EventLogCollector: Searching in: 'C:\Program Files\dotnet\sdk\7.0.306\Extensions'.
TpTrace Information: 0 : 10280, 1, 2023/09/08, 23:25:09.798, 1378765580792, vstest.console.dll, AssemblyResolver.OnResolve: Microsoft.TestPlatform.Extensions.EventLogCollector: Loading assembly 'C:\Program Files\dotnet\sdk\7.0.306\Extensions\Microsoft.TestPlatform.Extensions.EventLogCollector.dll'.
TpTrace Information: 0 : 10280, 1, 2023/09/08, 23:25:09.799, 1378765597643, vstest.console.dll, AssemblyResolver.OnResolve: Resolved assembly: Microsoft.TestPlatform.Extensions.EventLogCollector, from path: C:\Program Files\dotnet\sdk\7.0.306\Extensions\Microsoft.TestPlatform.Extensions.EventLogCollector.dll
TpTrace Verbose: 0 : 10280, 1, 2023/09/08, 23:25:09.799, 1378765598774, vstest.console.dll, MetadataReaderExtensionsHelper: Discovering extensions inside assembly 'Microsoft.TestPlatform.Extensions.EventLogCollector, Version=15.0.0.0, Culture=neutral, PublicKeyToken=b03f5f7f11d50a3a' file path 'C:\Program Files\dotnet\sdk\7.0.306\Extensions\Microsoft.TestPlatform.Extensions.EventLogCollector.dll'
TpTrace Information: 0 : 10280, 1, 2023/09/08, 23:25:09.806, 1378765664205, vstest.console.dll, AssemblyResolver.OnResolve: Microsoft.TestPlatform.TestHostRuntimeProvider: Resolving assembly.
TpTrace Information: 0 : 10280, 1, 2023/09/08, 23:25:09.806, 1378765665368, vstest.console.dll, AssemblyResolver.OnResolve: Microsoft.TestPlatform.TestHostRuntimeProvider: Searching in: 'C:\Program Files\dotnet\sdk\7.0.306\Extensions'.
TpTrace Information: 0 : 10280, 1, 2023/09/08, 23:25:09.807, 1378765678611, vstest.console.dll, AssemblyResolver.OnResolve: Microsoft.TestPlatform.TestHostRuntimeProvider: Loading assembly 'C:\Program Files\dotnet\sdk\7.0.306\Extensions\Microsoft.TestPlatform.TestHostRuntimeProvider.dll'.
TpTrace Information: 0 : 10280, 1, 2023/09/08, 23:25:09.810, 1378765700581, vstest.console.dll, AssemblyResolver.OnResolve: Resolved assembly: Microsoft.TestPlatform.TestHostRuntimeProvider, from path: C:\Program Files\dotnet\sdk\7.0.306\Extensions\Microsoft.TestPlatform.TestHostRuntimeProvider.dll
TpTrace Verbose: 0 : 10280, 1, 2023/09/08, 23:25:09.810, 1378765702142, vstest.console.dll, MetadataReaderExtensionsHelper: Discovering extensions inside assembly 'Microsoft.TestPlatform.TestHostRuntimeProvider, Version=15.0.0.0, Culture=neutral, PublicKeyToken=b03f5f7f11d50a3a' file path 'C:\Program Files\dotnet\sdk\7.0.306\Extensions\Microsoft.TestPlatform.TestHostRuntimeProvider.dll'
TpTrace Information: 0 : 10280, 1, 2023/09/08, 23:25:09.814, 1378765740182, vstest.console.dll, GetTestExtensionFromType: Register extension with identifier data 'HostProvider://DefaultTestHost' and type 'Microsoft.VisualStudio.TestPlatform.CrossPlatEngine.Hosting.DefaultTestHostManager, Microsoft.TestPlatform.TestHostRuntimeProvider, Version=15.0.0.0, Culture=neutral, PublicKeyToken=b03f5f7f11d50a3a' inside file 'C:\Program Files\dotnet\sdk\7.0.306\Extensions\Microsoft.TestPlatform.TestHostRuntimeProvider.dll'
TpTrace Information: 0 : 10280, 1, 2023/09/08, 23:25:09.814, 1378765746451, vstest.console.dll, GetTestExtensionFromType: Register extension with identifier data 'HostProvider://DotnetTestHost' and type 'Microsoft.VisualStudio.TestPlatform.CrossPlatEngine.Hosting.DotnetTestHostManager, Microsoft.TestPlatform.TestHostRuntimeProvider, Version=15.0.0.0, Culture=neutral, PublicKeyToken=b03f5f7f11d50a3a' inside file 'C:\Program Files\dotnet\sdk\7.0.306\Extensions\Microsoft.TestPlatform.TestHostRuntimeProvider.dll'
TpTrace Information: 0 : 10280, 1, 2023/09/08, 23:25:09.814, 1378765748440, vstest.console.dll, AssemblyResolver.OnResolve: Microsoft.VisualStudio.TestPlatform.Extensions.Html.TestLogger: Resolving assembly.
TpTrace Information: 0 : 10280, 1, 2023/09/08, 23:25:09.814, 1378765749287, vstest.console.dll, AssemblyResolver.OnResolve: Microsoft.VisualStudio.TestPlatform.Extensions.Html.TestLogger: Searching in: 'C:\Program Files\dotnet\sdk\7.0.306\Extensions'.
TpTrace Information: 0 : 10280, 1, 2023/09/08, 23:25:09.816, 1378765765428, vstest.console.dll, AssemblyResolver.OnResolve: Microsoft.VisualStudio.TestPlatform.Extensions.Html.TestLogger: Loading assembly 'C:\Program Files\dotnet\sdk\7.0.306\Extensions\Microsoft.VisualStudio.TestPlatform.Extensions.Html.TestLogger.dll'.
TpTrace Information: 0 : 10280, 1, 2023/09/08, 23:25:09.818, 1378765784411, vstest.console.dll, AssemblyResolver.OnResolve: Resolved assembly: Microsoft.VisualStudio.TestPlatform.Extensions.Html.TestLogger, from path: C:\Program Files\dotnet\sdk\7.0.306\Extensions\Microsoft.VisualStudio.TestPlatform.Extensions.Html.TestLogger.dll
TpTrace Verbose: 0 : 10280, 1, 2023/09/08, 23:25:09.818, 1378765786646, vstest.console.dll, MetadataReaderExtensionsHelper: Discovering extensions inside assembly 'Microsoft.VisualStudio.TestPlatform.Extensions.Html.TestLogger, Version=15.0.0.0, Culture=neutral, PublicKeyToken=b03f5f7f11d50a3a' file path 'C:\Program Files\dotnet\sdk\7.0.306\Extensions\Microsoft.VisualStudio.TestPlatform.Extensions.Html.TestLogger.dll'
TpTrace Information: 0 : 10280, 1, 2023/09/08, 23:25:09.821, 1378765810608, vstest.console.dll, AssemblyResolver.OnResolve: Microsoft.VisualStudio.TestPlatform.Extensions.Trx.TestLogger: Resolving assembly.
TpTrace Information: 0 : 10280, 1, 2023/09/08, 23:25:09.821, 1378765812214, vstest.console.dll, AssemblyResolver.OnResolve: Microsoft.VisualStudio.TestPlatform.Extensions.Trx.TestLogger: Searching in: 'C:\Program Files\dotnet\sdk\7.0.306\Extensions'.
TpTrace Information: 0 : 10280, 1, 2023/09/08, 23:25:09.823, 1378765839343, vstest.console.dll, AssemblyResolver.OnResolve: Microsoft.VisualStudio.TestPlatform.Extensions.Trx.TestLogger: Loading assembly 'C:\Program Files\dotnet\sdk\7.0.306\Extensions\Microsoft.VisualStudio.TestPlatform.Extensions.Trx.TestLogger.dll'.
TpTrace Information: 0 : 10280, 1, 2023/09/08, 23:25:09.826, 1378765862553, vstest.console.dll, AssemblyResolver.OnResolve: Resolved assembly: Microsoft.VisualStudio.TestPlatform.Extensions.Trx.TestLogger, from path: C:\Program Files\dotnet\sdk\7.0.306\Extensions\Microsoft.VisualStudio.TestPlatform.Extensions.Trx.TestLogger.dll
TpTrace Verbose: 0 : 10280, 1, 2023/09/08, 23:25:09.826, 1378765864282, vstest.console.dll, MetadataReaderExtensionsHelper: Discovering extensions inside assembly 'Microsoft.VisualStudio.TestPlatform.Extensions.Trx.TestLogger, Version=15.0.0.0, Culture=neutral, PublicKeyToken=b03f5f7f11d50a3a' file path 'C:\Program Files\dotnet\sdk\7.0.306\Extensions\Microsoft.VisualStudio.TestPlatform.Extensions.Trx.TestLogger.dll'
TpTrace Verbose: 0 : 10280, 1, 2023/09/08, 23:25:09.830, 1378765900895, vstest.console.dll, TestPluginCache: Discovered the extensions using extension path ''.
TpTrace Verbose: 0 : 10280, 1, 2023/09/08, 23:25:09.830, 1378765902739, vstest.console.dll, TestPluginCache: Discoverers are ''.
TpTrace Verbose: 0 : 10280, 1, 2023/09/08, 23:25:09.830, 1378765903277, vstest.console.dll, TestPluginCache: Executors are ''.
TpTrace Verbose: 0 : 10280, 1, 2023/09/08, 23:25:09.830, 1378765903697, vstest.console.dll, TestPluginCache: Executors2 are ''.
TpTrace Verbose: 0 : 10280, 1, 2023/09/08, 23:25:09.830, 1378765904100, vstest.console.dll, TestPluginCache: Setting providers are ''.
TpTrace Verbose: 0 : 10280, 1, 2023/09/08, 23:25:09.830, 1378765904499, vstest.console.dll, TestPluginCache: Loggers are ''.
TpTrace Verbose: 0 : 10280, 1, 2023/09/08, 23:25:09.830, 1378765907058, vstest.console.dll, TestPluginCache: TestHosts are 'HostProvider://DefaultTestHost,HostProvider://DotnetTestHost'.
TpTrace Verbose: 0 : 10280, 1, 2023/09/08, 23:25:09.830, 1378765907741, vstest.console.dll, TestPluginCache: DataCollectors are ''.
TpTrace Information: 0 : 10280, 1, 2023/09/08, 23:25:09.869, 1378766294625, vstest.console.dll, RunTestsArgumentProcessor:Execute: Test run is starting.
TpTrace Verbose: 0 : 10280, 1, 2023/09/08, 23:25:09.869, 1378766295768, vstest.console.dll, RunTestsArgumentProcessor:Execute: Queuing Test run.
TpTrace Information: 0 : 10280, 1, 2023/09/08, 23:25:09.869, 1378766299165, vstest.console.dll, TestRequestManager.RunTests: run tests started.
TpTrace Information: 0 : 10280, 1, 2023/09/08, 23:25:09.871, 1378766318143, vstest.console.dll, AssemblyMetadataProvider.GetFrameworkName: Determined framework:'.NETCoreApp,Version=v6.0' for source: 'C:\Users\user\Documents\DecagonTasks\week-3-task-Esosa-Agbonavbare\BankApplicationTest\bin\Debug\net6.0\fine-code-coverage\build-output\BankApplicationTest.dll'
TpTrace Information: 0 : 10280, 1, 2023/09/08, 23:25:09.872, 1378766320738, vstest.console.dll, Determined framework for all sources: .NETCoreApp,Version=v6.0
TpTrace Verbose: 0 : 10280, 1, 2023/09/08, 23:25:09.872, 1378766326111, vstest.console.dll, TestRequestManager.UpdateRunSettingsIfRequired: Default architecture: X64 IsDefaultTargetArchitecture: True, Current process architecture: X64 OperatingSystem: Windows.
TpTrace Information: 0 : 10280, 1, 2023/09/08, 23:25:09.875, 1378766350562, vstest.console.dll, AssemblyMetadataProvider.GetArchitecture: Determined architecture:AnyCPU info for assembly: C:\Users\user\Documents\DecagonTasks\week-3-task-Esosa-Agbonavbare\BankApplicationTest\bin\Debug\net6.0\fine-code-coverage\build-output\BankApplicationTest.dll
TpTrace Information: 0 : 10280, 1, 2023/09/08, 23:25:09.875, 1378766351283, vstest.console.dll, Determined platform for source 'C:\Users\user\Documents\DecagonTasks\week-3-task-Esosa-Agbonavbare\BankApplicationTest\bin\Debug\net6.0\fine-code-coverage\build-output\BankApplicationTest.dll' was AnyCPU and it will use the default plaform X64.
TpTrace Information: 0 : 10280, 1, 2023/09/08, 23:25:09.875, 1378766351680, vstest.console.dll, None of the sources provided any runnable platform, using the default platform: X64
TpTrace Information: 0 : 10280, 1, 2023/09/08, 23:25:09.875, 1378766352917, vstest.console.dll, Platform was updated to 'X64'.
TpTrace Information: 0 : 10280, 1, 2023/09/08, 23:25:09.885, 1378766451874, vstest.console.dll, InferRunSettingsHelper.IsTestSettingsEnabled: Unable to navigate to RunSettings/MSTest. Current node: RunSettings
TpTrace Information: 0 : 10280, 1, 2023/09/08, 23:25:09.886, 1378766467816, vstest.console.dll, AssemblyResolver.OnResolve: Microsoft.VisualStudio.TestPlatform.Fakes: Resolving assembly.
TpTrace Information: 0 : 10280, 1, 2023/09/08, 23:25:09.886, 1378766468739, vstest.console.dll, AssemblyResolver.OnResolve: Microsoft.VisualStudio.TestPlatform.Fakes: Searching in: 'C:\Program Files\dotnet\sdk\7.0.306\Extensions'.
TpTrace Information: 0 : 10280, 1, 2023/09/08, 23:25:09.887, 1378766469954, vstest.console.dll, AssemblyResolver.OnResolve: Microsoft.VisualStudio.TestPlatform.Fakes: Assembly path does not exist: 'C:\Program Files\dotnet\sdk\7.0.306\Extensions\Microsoft.VisualStudio.TestPlatform.Fakes.dll', returning.
TpTrace Information: 0 : 10280, 1, 2023/09/08, 23:25:09.887, 1378766471078, vstest.console.dll, AssemblyResolver.OnResolve: Microsoft.VisualStudio.TestPlatform.Fakes: Assembly path does not exist: 'C:\Program Files\dotnet\sdk\7.0.306\Extensions\Microsoft.VisualStudio.TestPlatform.Fakes.exe', returning.
TpTrace Information: 0 : 10280, 1, 2023/09/08, 23:25:09.887, 1378766471482, vstest.console.dll, AssemblyResolver.OnResolve: Microsoft.VisualStudio.TestPlatform.Fakes: Searching in: 'C:\Program Files\dotnet\sdk\7.0.306'.
TpTrace Information: 0 : 10280, 1, 2023/09/08, 23:25:09.887, 1378766472150, vstest.console.dll, AssemblyResolver.OnResolve: Microsoft.VisualStudio.TestPlatform.Fakes: Assembly path does not exist: 'C:\Program Files\dotnet\sdk\7.0.306\Microsoft.VisualStudio.TestPlatform.Fakes.dll', returning.
TpTrace Information: 0 : 10280, 1, 2023/09/08, 23:25:09.887, 1378766472807, vstest.console.dll, AssemblyResolver.OnResolve: Microsoft.VisualStudio.TestPlatform.Fakes: Assembly path does not exist: 'C:\Program Files\dotnet\sdk\7.0.306\Microsoft.VisualStudio.TestPlatform.Fakes.exe', returning.
TpTrace Information: 0 : 10280, 1, 2023/09/08, 23:25:09.887, 1378766473266, vstest.console.dll, AssemblyResolver.OnResolve: Microsoft.VisualStudio.TestPlatform.Fakes: Failed to load assembly.
TpTrace Information: 0 : 10280, 1, 2023/09/08, 23:25:09.887, 1378766476605, vstest.console.dll, Failed to load assembly Microsoft.VisualStudio.TestPlatform.Fakes, Version=17.0.0.0, Culture=neutral. Reason:System.IO.FileNotFoundException: Could not load file or assembly 'Microsoft.VisualStudio.TestPlatform.Fakes, Version=17.0.0.0, Culture=neutral, PublicKeyToken=null'. The system cannot find the file specified.
File name: 'Microsoft.VisualStudio.TestPlatform.Fakes, Version=17.0.0.0, Culture=neutral, PublicKeyToken=null'
   at System.Reflection.RuntimeAssembly.InternalLoad(AssemblyName assemblyName, StackCrawlMark& stackMark, AssemblyLoadContext assemblyLoadContext, RuntimeAssembly requestingAssembly, Boolean throwOnFileNotFound)
   at System.Reflection.Assembly.Load(AssemblyName assemblyRef)
   at Microsoft.VisualStudio.TestPlatform.Common.Utilities.FakesUtilities.LoadTestPlatformAssembly()
TpTrace Verbose: 0 : 10280, 1, 2023/09/08, 23:25:09.893, 1378766535394, vstest.console.dll, TestPluginCache.DiscoverTestExtensions: finding test extensions in assemblies ends with: TestLogger.dll TPluginInfo: Microsoft.VisualStudio.TestPlatform.Common.ExtensionFramework.Utilities.TestLoggerPluginInformation TExtension: Microsoft.VisualStudio.TestPlatform.ObjectModel.Client.ITestLogger
TpTrace Verbose: 0 : 10280, 1, 2023/09/08, 23:25:09.893, 1378766537025, vstest.console.dll, TestPluginCache.GetExtensionPaths: Filtered extension paths: 
TpTrace Verbose: 0 : 10280, 1, 2023/09/08, 23:25:09.893, 1378766537579, vstest.console.dll, TestPluginCache.GetExtensionPaths: Added default extension paths: C:\Program Files\dotnet\sdk\7.0.306\Extensions\Microsoft.Diagnostics.NETCore.Client.dll
C:\Program Files\dotnet\sdk\7.0.306\Extensions\Microsoft.TestPlatform.Extensions.BlameDataCollector.dll
C:\Program Files\dotnet\sdk\7.0.306\Extensions\Microsoft.TestPlatform.Extensions.EventLogCollector.dll
C:\Program Files\dotnet\sdk\7.0.306\Extensions\Microsoft.TestPlatform.TestHostRuntimeProvider.dll
C:\Program Files\dotnet\sdk\7.0.306\Extensions\Microsoft.VisualStudio.TestPlatform.Extensions.Html.TestLogger.dll
C:\Program Files\dotnet\sdk\7.0.306\Extensions\Microsoft.VisualStudio.TestPlatform.Extensions.Trx.TestLogger.dll
TpTrace Verbose: 0 : 10280, 1, 2023/09/08, 23:25:09.893, 1378766538093, vstest.console.dll, TestPluginCache.GetExtensionPaths: Added unfilterableExtensionPaths: 
TpTrace Information: 0 : 10280, 1, 2023/09/08, 23:25:09.893, 1378766539662, vstest.console.dll, AssemblyResolver.AddSearchDirectories: Adding more searchDirectories C:\Program Files\dotnet\sdk\7.0.306\Extensions,C:\Program Files\dotnet\sdk\7.0.306
TpTrace Verbose: 0 : 10280, 1, 2023/09/08, 23:25:09.894, 1378766540267, vstest.console.dll, TestPluginCache.DiscoverTestExtensions: Discovering the extensions using extension path.
TpTrace Verbose: 0 : 10280, 1, 2023/09/08, 23:25:09.894, 1378766540712, vstest.console.dll, TestPluginCache.GetExtensionPaths: Filtered extension paths: 
TpTrace Verbose: 0 : 10280, 1, 2023/09/08, 23:25:09.894, 1378766541164, vstest.console.dll, TestPluginCache.GetExtensionPaths: Added default extension paths: C:\Program Files\dotnet\sdk\7.0.306\Extensions\Microsoft.Diagnostics.NETCore.Client.dll
C:\Program Files\dotnet\sdk\7.0.306\Extensions\Microsoft.TestPlatform.Extensions.BlameDataCollector.dll
C:\Program Files\dotnet\sdk\7.0.306\Extensions\Microsoft.TestPlatform.Extensions.EventLogCollector.dll
C:\Program Files\dotnet\sdk\7.0.306\Extensions\Microsoft.TestPlatform.TestHostRuntimeProvider.dll
C:\Program Files\dotnet\sdk\7.0.306\Extensions\Microsoft.VisualStudio.TestPlatform.Extensions.Html.TestLogger.dll
C:\Program Files\dotnet\sdk\7.0.306\Extensions\Microsoft.VisualStudio.TestPlatform.Extensions.Trx.TestLogger.dll
TpTrace Verbose: 0 : 10280, 1, 2023/09/08, 23:25:09.894, 1378766541542, vstest.console.dll, TestPluginCache.GetExtensionPaths: Added unfilterableExtensionPaths: 
TpTrace Verbose: 0 : 10280, 1, 2023/09/08, 23:25:09.894, 1378766541974, vstest.console.dll, TestPluginCache.DiscoverTestExtensions: Discovering the extensions using allExtensionPaths: C:\Program Files\dotnet\sdk\7.0.306\Extensions\Microsoft.Diagnostics.NETCore.Client.dll
C:\Program Files\dotnet\sdk\7.0.306\Extensions\Microsoft.TestPlatform.Extensions.BlameDataCollector.dll
C:\Program Files\dotnet\sdk\7.0.306\Extensions\Microsoft.TestPlatform.Extensions.EventLogCollector.dll
C:\Program Files\dotnet\sdk\7.0.306\Extensions\Microsoft.TestPlatform.TestHostRuntimeProvider.dll
C:\Program Files\dotnet\sdk\7.0.306\Extensions\Microsoft.VisualStudio.TestPlatform.Extensions.Html.TestLogger.dll
C:\Program Files\dotnet\sdk\7.0.306\Extensions\Microsoft.VisualStudio.TestPlatform.Extensions.Trx.TestLogger.dll
TpTrace Information: 0 : 10280, 1, 2023/09/08, 23:25:09.894, 1378766543040, vstest.console.dll, AssemblyResolver.AddSearchDirectories: Adding more searchDirectories C:\Program Files\dotnet\sdk\7.0.306\Extensions,C:\Program Files\dotnet\sdk\7.0.306
TpTrace Information: 0 : 10280, 1, 2023/09/08, 23:25:09.894, 1378766543637, vstest.console.dll, AssemblyResolver.AddSearchDirectories: Adding more searchDirectories C:\Program Files\dotnet\sdk\7.0.306\Extensions,C:\Program Files\dotnet\sdk\7.0.306
TpTrace Information: 0 : 10280, 1, 2023/09/08, 23:25:09.894, 1378766544059, vstest.console.dll, AssemblyResolver.AddSearchDirectories: Adding more searchDirectories C:\Program Files\dotnet\sdk\7.0.306\Extensions,C:\Program Files\dotnet\sdk\7.0.306
TpTrace Information: 0 : 10280, 1, 2023/09/08, 23:25:09.894, 1378766544611, vstest.console.dll, AssemblyResolver.AddSearchDirectories: Adding more searchDirectories C:\Program Files\dotnet\sdk\7.0.306\Extensions,C:\Program Files\dotnet\sdk\7.0.306
TpTrace Information: 0 : 10280, 1, 2023/09/08, 23:25:09.894, 1378766545095, vstest.console.dll, AssemblyResolver.AddSearchDirectories: Adding more searchDirectories C:\Program Files\dotnet\sdk\7.0.306\Extensions,C:\Program Files\dotnet\sdk\7.0.306
TpTrace Information: 0 : 10280, 1, 2023/09/08, 23:25:09.894, 1378766545513, vstest.console.dll, AssemblyResolver.AddSearchDirectories: Adding more searchDirectories C:\Program Files\dotnet\sdk\7.0.306\Extensions,C:\Program Files\dotnet\sdk\7.0.306
TpTrace Verbose: 0 : 10280, 1, 2023/09/08, 23:25:09.894, 1378766546996, vstest.console.dll, MetadataReaderExtensionsHelper: Discovering extensions inside assembly 'Microsoft.Diagnostics.NETCore.Client, Version=0.2.6.42401, Culture=neutral, PublicKeyToken=31bf3856ad364e35' file path 'C:\Program Files\dotnet\sdk\7.0.306\Extensions\Microsoft.Diagnostics.NETCore.Client.dll'
TpTrace Information: 0 : 10280, 1, 2023/09/08, 23:25:09.896, 1378766562142, vstest.console.dll, AssemblyResolver.OnResolve: Microsoft.Bcl.AsyncInterfaces: Resolving assembly.
TpTrace Information: 0 : 10280, 1, 2023/09/08, 23:25:09.896, 1378766562935, vstest.console.dll, AssemblyResolver.OnResolve: Microsoft.Bcl.AsyncInterfaces: Resolved from cache.
TpTrace Verbose: 0 : 10280, 1, 2023/09/08, 23:25:09.896, 1378766563376, vstest.console.dll, CurrentDomainAssemblyResolve: Resolving assembly 'Microsoft.Bcl.AsyncInterfaces'.
TpTrace Information: 0 : 10280, 1, 2023/09/08, 23:25:09.896, 1378766563988, vstest.console.dll, AssemblyResolver.OnResolve: Microsoft.Bcl.AsyncInterfaces: Resolving assembly.
TpTrace Information: 0 : 10280, 1, 2023/09/08, 23:25:09.896, 1378766564382, vstest.console.dll, AssemblyResolver.OnResolve: Microsoft.Bcl.AsyncInterfaces: Resolved from cache.
TpTrace Verbose: 0 : 10280, 1, 2023/09/08, 23:25:09.896, 1378766564807, vstest.console.dll, CurrentDomainAssemblyResolve: Resolving assembly 'Microsoft.Bcl.AsyncInterfaces'.
TpTrace Verbose: 0 : 10280, 1, 2023/09/08, 23:25:09.896, 1378766565162, vstest.console.dll, CurrentDomainAssemblyResolve: Failed to resolve assembly 'Microsoft.Bcl.AsyncInterfaces'.
TpTrace Verbose: 0 : 10280, 1, 2023/09/08, 23:25:09.896, 1378766567354, vstest.console.dll, CurrentDomainAssemblyResolve: Failed to resolve assembly 'Microsoft.Bcl.AsyncInterfaces'.
TpTrace Warning: 0 : 10280, 1, 2023/09/08, 23:25:09.897, 1378766572019, vstest.console.dll, TestPluginDiscoverer: Failed to get types from assembly 'Microsoft.Diagnostics.NETCore.Client, Version=0.2.6.42401, Culture=neutral, PublicKeyToken=31bf3856ad364e35'. Error: System.Reflection.ReflectionTypeLoadException: Unable to load one or more of the requested types.
Could not load file or assembly 'Microsoft.Bcl.AsyncInterfaces, Version=1.0.0.0, Culture=neutral, PublicKeyToken=cc7b13ffcd2ddd51'. The system cannot find the file specified.
   at System.Reflection.RuntimeModule.GetTypes(RuntimeModule module)
   at System.Reflection.Assembly.GetTypes()
   at Microsoft.VisualStudio.TestPlatform.Common.ExtensionFramework.TestPluginDiscoverer.GetTestExtensionsFromAssembly[TPluginInfo,TExtension](Assembly assembly, Dictionary`2 pluginInfos, String filePath)
System.IO.FileNotFoundException: Could not load file or assembly 'Microsoft.Bcl.AsyncInterfaces, Version=1.0.0.0, Culture=neutral, PublicKeyToken=cc7b13ffcd2ddd51'. The system cannot find the file specified.
File name: 'Microsoft.Bcl.AsyncInterfaces, Version=1.0.0.0, Culture=neutral, PublicKeyToken=cc7b13ffcd2ddd51'
 ---> System.IO.FileNotFoundException: Could not load file or assembly 'Microsoft.Bcl.AsyncInterfaces, Culture=neutral, PublicKeyToken=null'. The system cannot find the file specified.
File name: 'Microsoft.Bcl.AsyncInterfaces, Culture=neutral, PublicKeyToken=null'
   at System.Reflection.RuntimeAssembly.InternalLoad(AssemblyName assemblyName, StackCrawlMark& stackMark, AssemblyLoadContext assemblyLoadContext, RuntimeAssembly requestingAssembly, Boolean throwOnFileNotFound)
   at System.Reflection.Assembly.Load(AssemblyName assemblyRef)
   at Microsoft.VisualStudio.TestPlatform.Common.ExtensionFramework.TestPluginCache.CurrentDomainAssemblyResolve(Object sender, AssemblyResolveEventArgs args)
   at System.Runtime.Loader.AssemblyLoadContext.GetFirstResolvedAssemblyFromResolvingEvent(AssemblyName assemblyName)
   at System.Runtime.Loader.AssemblyLoadContext.ResolveUsingEvent(AssemblyName assemblyName)
   at System.Runtime.Loader.AssemblyLoadContext.ResolveUsingResolvingEvent(IntPtr gchManagedAssemblyLoadContext, AssemblyName assemblyName)
TpTrace Warning: 0 : 10280, 1, 2023/09/08, 23:25:09.897, 1378766574012, vstest.console.dll, LoaderExceptions: System.IO.FileNotFoundException: Could not load file or assembly 'Microsoft.Bcl.AsyncInterfaces, Version=1.0.0.0, Culture=neutral, PublicKeyToken=cc7b13ffcd2ddd51'. The system cannot find the file specified.
File name: 'Microsoft.Bcl.AsyncInterfaces, Version=1.0.0.0, Culture=neutral, PublicKeyToken=cc7b13ffcd2ddd51'
 ---> System.IO.FileNotFoundException: Could not load file or assembly 'Microsoft.Bcl.AsyncInterfaces, Culture=neutral, PublicKeyToken=null'. The system cannot find the file specified.
File name: 'Microsoft.Bcl.AsyncInterfaces, Culture=neutral, PublicKeyToken=null'
   at System.Reflection.RuntimeAssembly.InternalLoad(AssemblyName assemblyName, StackCrawlMark& stackMark, AssemblyLoadContext assemblyLoadContext, RuntimeAssembly requestingAssembly, Boolean throwOnFileNotFound)
   at System.Reflection.Assembly.Load(AssemblyName assemblyRef)
   at Microsoft.VisualStudio.TestPlatform.Common.ExtensionFramework.TestPluginCache.CurrentDomainAssemblyResolve(Object sender, AssemblyResolveEventArgs args)
   at System.Runtime.Loader.AssemblyLoadContext.GetFirstResolvedAssemblyFromResolvingEvent(AssemblyName assemblyName)
   at System.Runtime.Loader.AssemblyLoadContext.ResolveUsingEvent(AssemblyName assemblyName)
   at System.Runtime.Loader.AssemblyLoadContext.ResolveUsingResolvingEvent(IntPtr gchManagedAssemblyLoadContext, AssemblyName assemblyName)
TpTrace Verbose: 0 : 10280, 1, 2023/09/08, 23:25:09.897, 1378766574921, vstest.console.dll, MetadataReaderExtensionsHelper: Discovering extensions inside assembly 'Microsoft.TestPlatform.Extensions.BlameDataCollector, Version=15.0.0.0, Culture=neutral, PublicKeyToken=b03f5f7f11d50a3a' file path 'C:\Program Files\dotnet\sdk\7.0.306\Extensions\Microsoft.TestPlatform.Extensions.BlameDataCollector.dll'
TpTrace Information: 0 : 10280, 1, 2023/09/08, 23:25:09.898, 1378766586307, vstest.console.dll, GetTestExtensionFromType: Register extension with identifier data 'logger://Microsoft/TestPlatform/Extensions/Blame/v1' and type 'Microsoft.TestPlatform.Extensions.BlameDataCollector.BlameLogger, Microsoft.TestPlatform.Extensions.BlameDataCollector, Version=15.0.0.0, Culture=neutral, PublicKeyToken=b03f5f7f11d50a3a' inside file 'C:\Program Files\dotnet\sdk\7.0.306\Extensions\Microsoft.TestPlatform.Extensions.BlameDataCollector.dll'
TpTrace Verbose: 0 : 10280, 1, 2023/09/08, 23:25:09.898, 1378766587107, vstest.console.dll, MetadataReaderExtensionsHelper: Discovering extensions inside assembly 'Microsoft.TestPlatform.Extensions.EventLogCollector, Version=15.0.0.0, Culture=neutral, PublicKeyToken=b03f5f7f11d50a3a' file path 'C:\Program Files\dotnet\sdk\7.0.306\Extensions\Microsoft.TestPlatform.Extensions.EventLogCollector.dll'
TpTrace Verbose: 0 : 10280, 1, 2023/09/08, 23:25:09.899, 1378766595198, vstest.console.dll, MetadataReaderExtensionsHelper: Discovering extensions inside assembly 'Microsoft.TestPlatform.TestHostRuntimeProvider, Version=15.0.0.0, Culture=neutral, PublicKeyToken=b03f5f7f11d50a3a' file path 'C:\Program Files\dotnet\sdk\7.0.306\Extensions\Microsoft.TestPlatform.TestHostRuntimeProvider.dll'
TpTrace Verbose: 0 : 10280, 1, 2023/09/08, 23:25:09.900, 1378766602311, vstest.console.dll, MetadataReaderExtensionsHelper: Discovering extensions inside assembly 'Microsoft.VisualStudio.TestPlatform.Extensions.Html.TestLogger, Version=15.0.0.0, Culture=neutral, PublicKeyToken=b03f5f7f11d50a3a' file path 'C:\Program Files\dotnet\sdk\7.0.306\Extensions\Microsoft.VisualStudio.TestPlatform.Extensions.Html.TestLogger.dll'
TpTrace Information: 0 : 10280, 1, 2023/09/08, 23:25:09.901, 1378766612947, vstest.console.dll, GetTestExtensionFromType: Register extension with identifier data 'logger://Microsoft/TestPlatform/HtmlLogger/v1' and type 'Microsoft.VisualStudio.TestPlatform.Extensions.HtmlLogger.HtmlLogger, Microsoft.VisualStudio.TestPlatform.Extensions.Html.TestLogger, Version=15.0.0.0, Culture=neutral, PublicKeyToken=b03f5f7f11d50a3a' inside file 'C:\Program Files\dotnet\sdk\7.0.306\Extensions\Microsoft.VisualStudio.TestPlatform.Extensions.Html.TestLogger.dll'
TpTrace Verbose: 0 : 10280, 1, 2023/09/08, 23:25:09.901, 1378766613772, vstest.console.dll, MetadataReaderExtensionsHelper: Discovering extensions inside assembly 'Microsoft.VisualStudio.TestPlatform.Extensions.Trx.TestLogger, Version=15.0.0.0, Culture=neutral, PublicKeyToken=b03f5f7f11d50a3a' file path 'C:\Program Files\dotnet\sdk\7.0.306\Extensions\Microsoft.VisualStudio.TestPlatform.Extensions.Trx.TestLogger.dll'
TpTrace Information: 0 : 10280, 1, 2023/09/08, 23:25:09.902, 1378766622191, vstest.console.dll, GetTestExtensionFromType: Register extension with identifier data 'logger://Microsoft/TestPlatform/TrxLogger/v1' and type 'Microsoft.VisualStudio.TestPlatform.Extensions.TrxLogger.TrxLogger, Microsoft.VisualStudio.TestPlatform.Extensions.Trx.TestLogger, Version=15.0.0.0, Culture=neutral, PublicKeyToken=b03f5f7f11d50a3a' inside file 'C:\Program Files\dotnet\sdk\7.0.306\Extensions\Microsoft.VisualStudio.TestPlatform.Extensions.Trx.TestLogger.dll'
TpTrace Verbose: 0 : 10280, 1, 2023/09/08, 23:25:09.902, 1378766623303, vstest.console.dll, TestPluginCache: Discovered the extensions using extension path ''.
TpTrace Verbose: 0 : 10280, 1, 2023/09/08, 23:25:09.902, 1378766623704, vstest.console.dll, TestPluginCache: Discoverers are ''.
TpTrace Verbose: 0 : 10280, 1, 2023/09/08, 23:25:09.902, 1378766623976, vstest.console.dll, TestPluginCache: Executors are ''.
TpTrace Verbose: 0 : 10280, 1, 2023/09/08, 23:25:09.902, 1378766624219, vstest.console.dll, TestPluginCache: Executors2 are ''.
TpTrace Verbose: 0 : 10280, 1, 2023/09/08, 23:25:09.902, 1378766624459, vstest.console.dll, TestPluginCache: Setting providers are ''.
TpTrace Verbose: 0 : 10280, 1, 2023/09/08, 23:25:09.902, 1378766625160, vstest.console.dll, TestPluginCache: Loggers are 'logger://Microsoft/TestPlatform/Extensions/Blame/v1,logger://Microsoft/TestPlatform/HtmlLogger/v1,logger://Microsoft/TestPlatform/TrxLogger/v1'.
TpTrace Verbose: 0 : 10280, 1, 2023/09/08, 23:25:09.902, 1378766625617, vstest.console.dll, TestPluginCache: TestHosts are 'HostProvider://DefaultTestHost,HostProvider://DotnetTestHost'.
TpTrace Verbose: 0 : 10280, 1, 2023/09/08, 23:25:09.902, 1378766625897, vstest.console.dll, TestPluginCache: DataCollectors are ''.
TpTrace Information: 0 : 10280, 1, 2023/09/08, 23:25:09.903, 1378766636240, vstest.console.dll, TestPluginManager.CreateTestExtension: Attempting to load test extension: Microsoft.TestPlatform.Extensions.BlameDataCollector.BlameLogger
TpTrace Verbose: 0 : 10280, 1, 2023/09/08, 23:25:09.919, 1378766798339, vstest.console.dll, TestEngine: Initializing Parallel Execution as MaxCpuCount is set to: 1
TpTrace Information: 0 : 10280, 1, 2023/09/08, 23:25:09.923, 1378766833319, vstest.console.dll, TestPluginManager.CreateTestExtension: Attempting to load test extension: Microsoft.VisualStudio.TestPlatform.CrossPlatEngine.Hosting.DefaultTestHostManager
TpTrace Information: 0 : 10280, 1, 2023/09/08, 23:25:09.924, 1378766845972, vstest.console.dll, TestPluginManager.CreateTestExtension: Attempting to load test extension: Microsoft.VisualStudio.TestPlatform.CrossPlatEngine.Hosting.DotnetTestHostManager
TpTrace Information: 0 : 10280, 1, 2023/09/08, 23:25:09.926, 1378766861545, vstest.console.dll, InferRunSettingsHelper.IsTestSettingsEnabled: Unable to navigate to RunSettings/MSTest. Current node: RunSettings
TpTrace Verbose: 0 : 10280, 1, 2023/09/08, 23:25:09.935, 1378766953109, vstest.console.dll, TestEngine.GetExecutionManager: Chosen execution manager 'Microsoft.VisualStudio.TestPlatform.CrossPlatEngine.Client.Parallel.ParallelProxyExecutionManager, Microsoft.TestPlatform.CrossPlatEngine, Version=15.0.0.0, Culture=neutral, PublicKeyToken=b03f5f7f11d50a3a' ParallelLevel '1'.
TpTrace Verbose: 0 : 10280, 1, 2023/09/08, 23:25:09.935, 1378766955465, vstest.console.dll, TestRunRequest.ExecuteAsync: Creating test run request.
TpTrace Verbose: 0 : 10280, 1, 2023/09/08, 23:25:09.935, 1378766959528, vstest.console.dll, TestRunRequest.ExecuteAsync: Starting.
TpTrace Information: 0 : 10280, 1, 2023/09/08, 23:25:09.936, 1378766964080, vstest.console.dll, TestRunRequest.ExecuteAsync: Starting run with settings:TestRunCriteria:
   KeepAlive=False,FrequencyOfRunStatsChangeEvent=10,RunStatsChangeEventTimeout=00:00:01.5000000,TestCaseFilter=,TestExecutorLauncher=
   Settingsxml=<RunSettings>
  <RunConfiguration>
    <ResultsDirectory>C:\Users\user\Documents\DecagonTasks\week-3-task-Esosa-Agbonavbare\BankApplicationTest\bin\Debug\net6.0\fine-code-coverage\coverage-tool-output</ResultsDirectory>
    <TargetPlatform>X64</TargetPlatform>
    <TargetFrameworkVersion>.NETCoreApp,Version=v6.0</TargetFrameworkVersion>
    <DesignMode>False</DesignMode>
    <CollectSourceInformation>False</CollectSourceInformation>
  </RunConfiguration>
  <LoggerRunSettings>
    <Loggers>
      <Logger friendlyName="blame" enabled="True" />
      <Logger friendlyName="Console" uri="logger://microsoft/TestPlatform/ConsoleLogger/v1" assemblyQualifiedName="Microsoft.VisualStudio.TestPlatform.CommandLine.Internal.ConsoleLogger, vstest.console, Version=15.0.0.0, Culture=neutral, PublicKeyToken=b03f5f7f11d50a3a" codeBase="C:\Program Files\dotnet\sdk\7.0.306\vstest.console.dll" enabled="True" />
    </Loggers>
  </LoggerRunSettings>
  <DataCollectionRunSettings>
    <DataCollectors>
      <DataCollector friendlyName="blame" enabled="True">
        <Configuration>
          <ResultsDirectory>C:\Users\user\Documents\DecagonTasks\week-3-task-Esosa-Agbonavbare\BankApplicationTest\bin\Debug\net6.0\fine-code-coverage\coverage-tool-output</ResultsDirectory>
        </Configuration>
      </DataCollector>
    </DataCollectors>
  </DataCollectionRunSettings>
</RunSettings>

TpTrace Verbose: 0 : 10280, 1, 2023/09/08, 23:25:09.936, 1378766964983, vstest.console.dll, TestRunRequest.ExecuteAsync: Wait for the first run request is over.
TpTrace Verbose: 0 : 10280, 1, 2023/09/08, 23:25:09.936, 1378766969533, vstest.console.dll, MulticastDelegateUtilities.SafeInvoke: TestRun.TestRunStart: Invoking callbacks was skipped because there are no subscribers.
TpTrace Verbose: 0 : 10280, 4, 2023/09/08, 23:25:09.937, 1378766973443, vstest.console.dll, MulticastDelegateUtilities.SafeInvoke: InternalTestLoggerEvents.SendTestRunStart: Invoking callback 1/1 for Microsoft.VisualStudio.TestPlatform.CommandLine.Internal.ConsoleLogger., took 0 ms.
TpTrace Verbose: 0 : 10280, 1, 2023/09/08, 23:25:09.939, 1378766991371, vstest.console.dll, ParallelProxyExecutionManager: Start execution. Total sources: 1
TpTrace Verbose: 0 : 10280, 1, 2023/09/08, 23:25:09.941, 1378767018918, vstest.console.dll, TestRequestSender is acting as server.
TpTrace Verbose: 0 : 10280, 1, 2023/09/08, 23:25:09.946, 1378767060739, vstest.console.dll, ParallelOperationManager.RunWorkInParallel: Started work on a host.
TpTrace Verbose: 0 : 10280, 1, 2023/09/08, 23:25:09.947, 1378767076750, vstest.console.dll, ProxyParallelExecutionManager: No sources available for execution.
TpTrace Information: 0 : 10280, 1, 2023/09/08, 23:25:09.947, 1378767077919, vstest.console.dll, TestRunRequest.ExecuteAsync: Started.
TpTrace Verbose: 0 : 10280, 1, 2023/09/08, 23:25:09.947, 1378767079044, vstest.console.dll, TestRunRequest.WaitForCompletion: Waiting with timeout -1.
TpTrace Verbose: 0 : 10280, 5, 2023/09/08, 23:25:09.948, 1378767080475, vstest.console.dll, DataCollectionRequestSender.InitializeCommunication : Initialize communication. 
TpTrace Information: 0 : 10280, 5, 2023/09/08, 23:25:09.959, 1378767190737, vstest.console.dll, Listening on Endpoint : 127.0.0.1:49866
TpTrace Verbose: 0 : 10280, 5, 2023/09/08, 23:25:09.977, 1378767372164, vstest.console.dll, DotnetDataCollectionLauncher: Adding  --runtimeconfig "C:\Program Files\dotnet\sdk\7.0.306\datacollector.runtimeconfig.json" in args
TpTrace Verbose: 0 : 10280, 5, 2023/09/08, 23:25:09.977, 1378767375067, vstest.console.dll, DotnetDataCollectionLauncher: Adding  --depsfile "C:\Program Files\dotnet\sdk\7.0.306\datacollector.deps.json" in args
TpTrace Verbose: 0 : 10280, 5, 2023/09/08, 23:25:09.977, 1378767379559, vstest.console.dll, DotnetDataCollectionLauncher: Full path of dotnet.exe is C:\Program Files\dotnet\dotnet.exe
TpTrace Information: 0 : 10280, 5, 2023/09/08, 23:25:09.992, 1378767528957, vstest.console.dll, ProxyDataCollectionManager.Initialize: Launched datacollector processId: 3204 port: 49866
TpTrace Information: 0 : 10280, 5, 2023/09/08, 23:25:09.993, 1378767531558, vstest.console.dll, ProxyDataCollectionManager.Initialize: waiting for connection with timeout: 90 seconds
TpTrace Verbose: 0 : 10280, 5, 2023/09/08, 23:25:09.993, 1378767533079, vstest.console.dll, DataCollectionRequestSender.WaitForRequestHandlerConnection : Waiting for connection with timeout: 90000
TpTrace Information: 0 : 10280, 7, 2023/09/08, 23:25:10.299, 1378770599139, vstest.console.dll, Using the buffer size of 16384 bytes
TpTrace Verbose: 0 : 10280, 5, 2023/09/08, 23:25:10.300, 1378770600416, vstest.console.dll, SocketCommunicationManager.WaitForClientConnection took: 306 ms, with 90000 ms timeout, and finished with True.
TpTrace Information: 0 : 10280, 7, 2023/09/08, 23:25:10.300, 1378770602114, vstest.console.dll, Accepted Client request and set the flag
TpTrace Verbose: 0 : 10280, 5, 2023/09/08, 23:25:10.300, 1378770604215, vstest.console.dll, ProxyDataCollectionManager.InvokeDataCollectionServiceAction: Starting.
TpTrace Information: 0 : 10280, 5, 2023/09/08, 23:25:10.300, 1378770605454, vstest.console.dll, ProxyDataCollectionManager.BeforeTestRunStart: Get environment variable and port for datacollector processId: 3204 port: 49866
TpTrace Verbose: 0 : 10280, 5, 2023/09/08, 23:25:10.300, 1378770607246, vstest.console.dll, DataCollectionRequestSender.SendBeforeTestRunStartAndGetResult: Send BeforeTestRunStart message with settingsXml <RunSettings><RunConfiguration><ResultsDirectory>C:\Users\user\Documents\DecagonTasks\week-3-task-Esosa-Agbonavbare\BankApplicationTest\bin\Debug\net6.0\fine-code-coverage\coverage-tool-output</ResultsDirectory><TargetPlatform>X64</TargetPlatform><TargetFrameworkVersion>.NETCoreApp,Version=v6.0</TargetFrameworkVersion><DesignMode>False</DesignMode><CollectSourceInformation>False</CollectSourceInformation><TestAdaptersPaths>C:\Program Files\dotnet\sdk\7.0.306\Extensions</TestAdaptersPaths></RunConfiguration><LoggerRunSettings><Loggers><Logger friendlyName="blame" enabled="True" /><Logger friendlyName="Console" uri="logger://microsoft/TestPlatform/ConsoleLogger/v1" assemblyQualifiedName="Microsoft.VisualStudio.TestPlatform.CommandLine.Internal.ConsoleLogger, vstest.console, Version=15.0.0.0, Culture=neutral, PublicKeyToken=b03f5f7f11d50a3a" codeBase="C:\Program Files\dotnet\sdk\7.0.306\vstest.console.dll" enabled="True" /></Loggers></LoggerRunSettings><DataCollectionRunSettings><DataCollectors><DataCollector friendlyName="blame" enabled="True"><Configuration><ResultsDirectory>C:\Users\user\Documents\DecagonTasks\week-3-task-Esosa-Agbonavbare\BankApplicationTest\bin\Debug\net6.0\fine-code-coverage\coverage-tool-output</ResultsDirectory></Configuration></DataCollector></DataCollectors></DataCollectionRunSettings></RunSettings> and sources System.Collections.Generic.List`1[System.String]: 
TpTrace Verbose: 0 : 10280, 5, 2023/09/08, 23:25:10.433, 1378771936749, vstest.console.dll, DataCollectionRequestSender.SendBeforeTestRunStartAndGetResult: Received message: (DataCollection.SendMessage) -> {"MessageType":"DataCollection.SendMessage","Payload":{"FriendlyName":null,"Uri":null,"TestCaseId":"00000000-0000-0000-0000-000000000000","Message":"Logging DataCollector Diagnostics in file: C:\\Users\\user\\Documents\\DecagonTasks\\week-3-task-Esosa-Agbonavbare\\BankApplicationTest\\bin\\Debug\\net6.0\\fine-code-coverage\\coverage-tool-output\\diagnostics.datacollector.23-09-08_23-25-09_97672_5.log","Level":0}}
TpTrace Verbose: 0 : 10280, 5, 2023/09/08, 23:25:10.568, 1378773281634, vstest.console.dll, DataCollectionRequestSender.SendBeforeTestRunStartAndGetResult: Received message: (DataCollection.BeforeTestRunStartResult) -> {"MessageType":"DataCollection.BeforeTestRunStartResult","Payload":{"EnvironmentVariables":{},"DataCollectionEventsPort":49868}}
TpTrace Information: 0 : 10280, 5, 2023/09/08, 23:25:10.580, 1378773407556, vstest.console.dll, ProxyDataCollectionManager.BeforeTestRunStart: SendBeforeTestRunStartAndGetResult successful, env variable from datacollector:   and testhost port: 49868
TpTrace Information: 0 : 10280, 5, 2023/09/08, 23:25:10.581, 1378773409795, vstest.console.dll, ProxyDataCollectionManager.InvokeDataCollectionServiceAction: Completed.
TpTrace Verbose: 0 : 10280, 5, 2023/09/08, 23:25:10.581, 1378773412486, vstest.console.dll, ProxyExecutionManager: Test host is always Lazy initialize.
TpTrace Verbose: 0 : 10280, 5, 2023/09/08, 23:25:10.581, 1378773418622, vstest.console.dll, TestRequestSender.InitializeCommunication: initialize communication. 
TpTrace Information: 0 : 10280, 5, 2023/09/08, 23:25:10.583, 1378773432313, vstest.console.dll, SocketServer.Start: Listening on endpoint : 127.0.0.1:49869
TpTrace Verbose: 0 : 10280, 5, 2023/09/08, 23:25:10.585, 1378773450165, vstest.console.dll, DotnetTestHostmanager.GetTestHostProcessStartInfo: Platform environment 'X64' target architecture 'X64' framework '.NETCoreApp,Version=v6.0' OS 'Windows'
TpTrace Verbose: 0 : 10280, 5, 2023/09/08, 23:25:10.585, 1378773454689, vstest.console.dll, DotnetTestHostmanager: Adding  --runtimeconfig "C:\Users\user\Documents\DecagonTasks\week-3-task-Esosa-Agbonavbare\BankApplicationTest\bin\Debug\net6.0\fine-code-coverage\build-output\BankApplicationTest.runtimeconfig.json" in args
TpTrace Verbose: 0 : 10280, 5, 2023/09/08, 23:25:10.585, 1378773456800, vstest.console.dll, DotnetTestHostmanager: Adding  --depsfile "C:\Users\user\Documents\DecagonTasks\week-3-task-Esosa-Agbonavbare\BankApplicationTest\bin\Debug\net6.0\fine-code-coverage\build-output\BankApplicationTest.deps.json" in args
TpTrace Verbose: 0 : 10280, 5, 2023/09/08, 23:25:10.586, 1378773462535, vstest.console.dll, DotnetTestHostmanager.IsWinOnArm: Current PROCESSOR_ARCHITECTURE from environment variable 'AMD64'
TpTrace Verbose: 0 : 10280, 5, 2023/09/08, 23:25:10.586, 1378773464151, vstest.console.dll, DotnetTestHostmanager.IsWinOnArm: Is Windows on ARM 'False'
TpTrace Verbose: 0 : 10280, 5, 2023/09/08, 23:25:10.586, 1378773466204, vstest.console.dll, DotnetTestHostManager: testhost.exe found at path: C:\Users\user\Documents\DecagonTasks\week-3-task-Esosa-Agbonavbare\BankApplicationTest\bin\Debug\net6.0\fine-code-coverage\build-output\testhost.exe
TpTrace Verbose: 0 : 10280, 5, 2023/09/08, 23:25:10.586, 1378773467367, vstest.console.dll, DotnetTestHostmanager: Full path of host exe is C:\Users\user\Documents\DecagonTasks\week-3-task-Esosa-Agbonavbare\BankApplicationTest\bin\Debug\net6.0\fine-code-coverage\build-output\testhost.exe
TpTrace Verbose: 0 : 10280, 5, 2023/09/08, 23:25:10.587, 1378773470183, vstest.console.dll, DotnetTestHostmanager.LaunchTestHostAsync: Found 'VSTEST_WINAPPHOST_DOTNET_ROOT' in env variables, value 'C:\Program Files\dotnet', forwarding to 'DOTNET_ROOT'
TpTrace Verbose: 0 : 10280, 5, 2023/09/08, 23:25:10.587, 1378773474125, vstest.console.dll, DotnetTestHostManager: Starting process 'C:\Users\user\Documents\DecagonTasks\week-3-task-Esosa-Agbonavbare\BankApplicationTest\bin\Debug\net6.0\fine-code-coverage\build-output\testhost.exe' with command line ' --runtimeconfig "C:\Users\user\Documents\DecagonTasks\week-3-task-Esosa-Agbonavbare\BankApplicationTest\bin\Debug\net6.0\fine-code-coverage\build-output\BankApplicationTest.runtimeconfig.json" --depsfile "C:\Users\user\Documents\DecagonTasks\week-3-task-Esosa-Agbonavbare\BankApplicationTest\bin\Debug\net6.0\fine-code-coverage\build-output\BankApplicationTest.deps.json" --port 49869 --endpoint 127.0.0.1:049869 --role client --parentprocessid 10280 --diag "C:\Users\user\Documents\DecagonTasks\week-3-task-Esosa-Agbonavbare\BankApplicationTest\bin\Debug\net6.0\fine-code-coverage\coverage-tool-output\diagnostics.host.23-09-08_23-25-10_58410_5.log" --tracelevel 4 --datacollectionport 49868 --telemetryoptedin false'
TpTrace Verbose: 0 : 10280, 5, 2023/09/08, 23:25:10.608, 1378773684503, vstest.console.dll, MulticastDelegateUtilities.SafeInvoke: HostProviderEvents.OnHostLaunched: Invoking callback 1/2 for Microsoft.VisualStudio.TestPlatform.CrossPlatEngine.Client.ProxyExecutionManagerWithDataCollection., took 2 ms.
TpTrace Verbose: 0 : 10280, 5, 2023/09/08, 23:25:10.609, 1378773690701, vstest.console.dll, Test Runtime launched
TpTrace Verbose: 0 : 10280, 5, 2023/09/08, 23:25:10.609, 1378773692317, vstest.console.dll, MulticastDelegateUtilities.SafeInvoke: HostProviderEvents.OnHostLaunched: Invoking callback 2/2 for Microsoft.VisualStudio.TestPlatform.CrossPlatEngine.Client.ProxyOperationManager., took 0 ms.
TpTrace Verbose: 0 : 10280, 5, 2023/09/08, 23:25:10.609, 1378773695357, vstest.console.dll, TestRequestSender.WaitForRequestHandlerConnection: waiting for connection with timeout: 90000.
TpTrace Verbose: 0 : 10280, 5, 2023/09/08, 23:25:10.908, 1378776681252, vstest.console.dll, TestRequestSender.WaitForRequestHandlerConnection: waiting took 298 ms, with timeout 90000 ms, and result 0, which is success.
TpTrace Verbose: 0 : 10280, 7, 2023/09/08, 23:25:10.908, 1378776681251, vstest.console.dll, MulticastDelegateUtilities.SafeInvoke: SocketServer: ClientConnected: Invoking callback 1/1 for Microsoft.VisualStudio.TestPlatform.CommunicationUtilities.TestRequestSender., took 0 ms.
TpTrace Verbose: 0 : 10280, 7, 2023/09/08, 23:25:10.908, 1378776685211, vstest.console.dll, SocketServer.OnClientConnected: Client connected for endPoint: 127.0.0.1:49869, starting MessageLoopAsync:
TpTrace Verbose: 0 : 10280, 7, 2023/09/08, 23:25:10.909, 1378776692780, vstest.console.dll, TcpClientExtensions.MessageLoopAsync: Polling on remoteEndPoint: 127.0.0.1:49870 localEndPoint: 127.0.0.1:49869
TpTrace Verbose: 0 : 10280, 5, 2023/09/08, 23:25:10.910, 1378776701558, vstest.console.dll, TestRequestSender.CheckVersionWithTestHost: Sending check version message: {"MessageType":"ProtocolVersion","Payload":7}
TpTrace Verbose: 0 : 10280, 7, 2023/09/08, 23:25:11.104, 1378778647454, vstest.console.dll, TcpClientExtensions.MessageLoopAsync: NotifyDataAvailable remoteEndPoint: 127.0.0.1:49870 localEndPoint: 127.0.0.1:49869
TpTrace Verbose: 0 : 10280, 7, 2023/09/08, 23:25:11.105, 1378778650910, vstest.console.dll, TestRequestSender.CheckVersionWithTestHost: onMessageReceived received message: (ProtocolVersion) -> {"MessageType":"ProtocolVersion","Payload":7}
TpTrace Verbose: 0 : 10280, 7, 2023/09/08, 23:25:11.106, 1378778660365, vstest.console.dll, MulticastDelegateUtilities.SafeInvoke: LengthPrefixCommunicationChannel: MessageReceived: Invoking callback 1/1 for Microsoft.VisualStudio.TestPlatform.CommunicationUtilities.TestRequestSender+<>c__DisplayClass29_0., took 0 ms.
TpTrace Verbose: 0 : 10280, 7, 2023/09/08, 23:25:11.106, 1378778661832, vstest.console.dll, TcpClientExtensions.MessageLoopAsync: Polling on remoteEndPoint: 127.0.0.1:49870 localEndPoint: 127.0.0.1:49869
TpTrace Verbose: 0 : 10280, 5, 2023/09/08, 23:25:11.106, 1378778662006, vstest.console.dll, TestPluginCache.GetExtensionPaths: Filtered extension paths: 
TpTrace Verbose: 0 : 10280, 5, 2023/09/08, 23:25:11.106, 1378778663709, vstest.console.dll, TestPluginCache.GetExtensionPaths: Added default extension paths: C:\Program Files\dotnet\sdk\7.0.306\Extensions\Microsoft.Diagnostics.NETCore.Client.dll
C:\Program Files\dotnet\sdk\7.0.306\Extensions\Microsoft.TestPlatform.Extensions.BlameDataCollector.dll
C:\Program Files\dotnet\sdk\7.0.306\Extensions\Microsoft.TestPlatform.Extensions.EventLogCollector.dll
C:\Program Files\dotnet\sdk\7.0.306\Extensions\Microsoft.TestPlatform.TestHostRuntimeProvider.dll
C:\Program Files\dotnet\sdk\7.0.306\Extensions\Microsoft.VisualStudio.TestPlatform.Extensions.Html.TestLogger.dll
C:\Program Files\dotnet\sdk\7.0.306\Extensions\Microsoft.VisualStudio.TestPlatform.Extensions.Trx.TestLogger.dll
TpTrace Verbose: 0 : 10280, 5, 2023/09/08, 23:25:11.106, 1378778664371, vstest.console.dll, TestPluginCache.GetExtensionPaths: Added unfilterableExtensionPaths: 
TpTrace Verbose: 0 : 10280, 5, 2023/09/08, 23:25:11.111, 1378778717183, vstest.console.dll, TestRequestSender.InitializeExecution: Sending initialize execution with message: {"Version":7,"MessageType":"TestExecution.Initialize","Payload":["C:\\Users\\user\\Documents\\DecagonTasks\\week-3-task-Esosa-Agbonavbare\\BankApplicationTest\\bin\\Debug\\net6.0\\fine-code-coverage\\build-output\\xunit.runner.visualstudio.dotnetcore.testadapter.dll"]}
TpTrace Verbose: 0 : 10280, 5, 2023/09/08, 23:25:11.112, 1378778720029, vstest.console.dll, ParallelProxyExecutionManager: Execution started. Started clients: 1
TpTrace Verbose: 0 : 10280, 5, 2023/09/08, 23:25:11.112, 1378778723978, vstest.console.dll, TestRunRequest:SendTestRunMessage: Starting.
TpTrace Verbose: 0 : 10280, 5, 2023/09/08, 23:25:11.112, 1378778727332, vstest.console.dll, MulticastDelegateUtilities.SafeInvoke: TestRun.LogMessages: Invoking callback 1/1 for Microsoft.VisualStudio.TestPlatform.CommandLine.TestRunResultAggregator., took 0 ms.
TpTrace Information: 0 : 10280, 5, 2023/09/08, 23:25:11.112, 1378778728691, vstest.console.dll, TestRunRequest:SendTestRunMessage: Completed.
TpTrace Verbose: 0 : 10280, 4, 2023/09/08, 23:25:11.114, 1378778743871, vstest.console.dll, MulticastDelegateUtilities.SafeInvoke: InternalTestLoggerEvents.SendTestRunMessage: Invoking callback 1/1 for Microsoft.VisualStudio.TestPlatform.CommandLine.Internal.ConsoleLogger., took 1 ms.
TpTrace Warning: 0 : 10280, 5, 2023/09/08, 23:25:11.114, 1378778744380, vstest.console.dll, InferRunSettingsHelper.MakeRunsettingsCompatible: Removing the following settings: TargetPlatform from RunSettings file. To use those settings please move to latest version of Microsoft.NET.Test.Sdk
TpTrace Verbose: 0 : 10280, 7, 2023/09/08, 23:25:11.116, 1378778762531, vstest.console.dll, TcpClientExtensions.MessageLoopAsync: NotifyDataAvailable remoteEndPoint: 127.0.0.1:49870 localEndPoint: 127.0.0.1:49869
TpTrace Verbose: 0 : 10280, 7, 2023/09/08, 23:25:11.116, 1378778769409, vstest.console.dll, TestRequestSender.OnExecutionMessageReceived: Received message: {"Version":7,"MessageType":"TestSession.Message","Payload":{"MessageLevel":0,"Message":"Logging TestHost Diagnostics in file: C:\\Users\\user\\Documents\\DecagonTasks\\week-3-task-Esosa-Agbonavbare\\BankApplicationTest\\bin\\Debug\\net6.0\\fine-code-coverage\\coverage-tool-output\\diagnostics.host.23-09-08_23-25-10_58410_5.log"}}
TpTrace Verbose: 0 : 10280, 7, 2023/09/08, 23:25:11.122, 1378778828496, vstest.console.dll, TestRunRequest:SendTestRunMessage: Starting.
TpTrace Verbose: 0 : 10280, 7, 2023/09/08, 23:25:11.123, 1378778831381, vstest.console.dll, MulticastDelegateUtilities.SafeInvoke: TestRun.LogMessages: Invoking callback 1/1 for Microsoft.VisualStudio.TestPlatform.CommandLine.TestRunResultAggregator., took 0 ms.
TpTrace Information: 0 : 10280, 7, 2023/09/08, 23:25:11.123, 1378778832690, vstest.console.dll, TestRunRequest:SendTestRunMessage: Completed.
TpTrace Verbose: 0 : 10280, 4, 2023/09/08, 23:25:11.123, 1378778831752, vstest.console.dll, MulticastDelegateUtilities.SafeInvoke: InternalTestLoggerEvents.SendTestRunMessage: Invoking callback 1/1 for Microsoft.VisualStudio.TestPlatform.CommandLine.Internal.ConsoleLogger., took 0 ms.
TpTrace Verbose: 0 : 10280, 7, 2023/09/08, 23:25:11.123, 1378778833655, vstest.console.dll, MulticastDelegateUtilities.SafeInvoke: LengthPrefixCommunicationChannel: MessageReceived: Invoking callback 1/1 for Microsoft.VisualStudio.TestPlatform.CommunicationUtilities.TestRequestSender+<>c__DisplayClass34_0., took 6 ms.
TpTrace Verbose: 0 : 10280, 7, 2023/09/08, 23:25:11.123, 1378778836064, vstest.console.dll, TcpClientExtensions.MessageLoopAsync: Polling on remoteEndPoint: 127.0.0.1:49870 localEndPoint: 127.0.0.1:49869
TpTrace Verbose: 0 : 10280, 5, 2023/09/08, 23:25:11.176, 1378779360489, vstest.console.dll, TestRequestSender.StartTestRun: Sending test run with message: {"Version":7,"MessageType":"TestExecution.StartWithSources","Payload":{"AdapterSourceMap":{"_none_":["C:\\Users\\user\\Documents\\DecagonTasks\\week-3-task-Esosa-Agbonavbare\\BankApplicationTest\\bin\\Debug\\net6.0\\fine-code-coverage\\build-output\\BankApplicationTest.dll"]},"RunSettings":"<RunSettings>\r\n  <RunConfiguration>\r\n    <ResultsDirectory>C:\\Users\\user\\Documents\\DecagonTasks\\week-3-task-Esosa-Agbonavbare\\BankApplicationTest\\bin\\Debug\\net6.0\\fine-code-coverage\\coverage-tool-output</ResultsDirectory>\r\n    <TargetFrameworkVersion>.NETCoreApp,Version=v6.0</TargetFrameworkVersion>\r\n    <DesignMode>False</DesignMode>\r\n    <CollectSourceInformation>False</CollectSourceInformation>\r\n  </RunConfiguration>\r\n  <LoggerRunSettings>\r\n    <Loggers>\r\n      <Logger friendlyName=\"blame\" enabled=\"True\" />\r\n      <Logger friendlyName=\"Console\" uri=\"logger://microsoft/TestPlatform/ConsoleLogger/v1\" assemblyQualifiedName=\"Microsoft.VisualStudio.TestPlatform.CommandLine.Internal.ConsoleLogger, vstest.console, Version=15.0.0.0, Culture=neutral, PublicKeyToken=b03f5f7f11d50a3a\" codeBase=\"C:\\Program Files\\dotnet\\sdk\\7.0.306\\vstest.console.dll\" enabled=\"True\" />\r\n    </Loggers>\r\n  </LoggerRunSettings>\r\n  <DataCollectionRunSettings>\r\n    <DataCollectors>\r\n      <DataCollector friendlyName=\"blame\" enabled=\"True\">\r\n        <Configuration>\r\n          <ResultsDirectory>C:\\Users\\user\\Documents\\DecagonTasks\\week-3-task-Esosa-Agbonavbare\\BankApplicationTest\\bin\\Debug\\net6.0\\fine-code-coverage\\coverage-tool-output</ResultsDirectory>\r\n        </Configuration>\r\n      </DataCollector>\r\n    </DataCollectors>\r\n  </DataCollectionRunSettings>\r\n</RunSettings>","TestExecutionContext":{"FrequencyOfRunStatsChangeEvent":10,"RunStatsChangeEventTimeout":"00:00:01.5000000","InIsolation":false,"KeepAlive":false,"AreTestCaseLevelEventsRequired":false,"IsDebug":false,"TestCaseFilter":null,"FilterOptions":null},"Package":null}}
TpTrace Verbose: 0 : 10280, 7, 2023/09/08, 23:25:11.399, 1378781598522, vstest.console.dll, TcpClientExtensions.MessageLoopAsync: NotifyDataAvailable remoteEndPoint: 127.0.0.1:49870 localEndPoint: 127.0.0.1:49869
TpTrace Verbose: 0 : 10280, 7, 2023/09/08, 23:25:11.400, 1378781600445, vstest.console.dll, TestRequestSender.OnExecutionMessageReceived: Received message: {"Version":7,"MessageType":"TestSession.Message","Payload":{"MessageLevel":0,"Message":"[xUnit.net 00:00:00.00] xUnit.net VSTest Adapter v2.4.5+1caef2f33e (64-bit .NET 6.0.20)"}}
TpTrace Verbose: 0 : 10280, 7, 2023/09/08, 23:25:11.400, 1378781603651, vstest.console.dll, TestRunRequest:SendTestRunMessage: Starting.
TpTrace Verbose: 0 : 10280, 7, 2023/09/08, 23:25:11.400, 1378781605000, vstest.console.dll, MulticastDelegateUtilities.SafeInvoke: TestRun.LogMessages: Invoking callback 1/1 for Microsoft.VisualStudio.TestPlatform.CommandLine.TestRunResultAggregator., took 0 ms.
TpTrace Information: 0 : 10280, 7, 2023/09/08, 23:25:11.400, 1378781605498, vstest.console.dll, TestRunRequest:SendTestRunMessage: Completed.
TpTrace Verbose: 0 : 10280, 4, 2023/09/08, 23:25:11.400, 1378781605763, vstest.console.dll, MulticastDelegateUtilities.SafeInvoke: InternalTestLoggerEvents.SendTestRunMessage: Invoking callback 1/1 for Microsoft.VisualStudio.TestPlatform.CommandLine.Internal.ConsoleLogger., took 0 ms.
TpTrace Verbose: 0 : 10280, 7, 2023/09/08, 23:25:11.400, 1378781605917, vstest.console.dll, MulticastDelegateUtilities.SafeInvoke: LengthPrefixCommunicationChannel: MessageReceived: Invoking callback 1/1 for Microsoft.VisualStudio.TestPlatform.CommunicationUtilities.TestRequestSender+<>c__DisplayClass34_0., took 0 ms.
TpTrace Verbose: 0 : 10280, 7, 2023/09/08, 23:25:11.400, 1378781607624, vstest.console.dll, TcpClientExtensions.MessageLoopAsync: Polling on remoteEndPoint: 127.0.0.1:49870 localEndPoint: 127.0.0.1:49869
TpTrace Verbose: 0 : 10280, 7, 2023/09/08, 23:25:11.976, 1378787365118, vstest.console.dll, TcpClientExtensions.MessageLoopAsync: NotifyDataAvailable remoteEndPoint: 127.0.0.1:49870 localEndPoint: 127.0.0.1:49869
TpTrace Verbose: 0 : 10280, 7, 2023/09/08, 23:25:11.976, 1378787367637, vstest.console.dll, TestRequestSender.OnExecutionMessageReceived: Received message: {"Version":7,"MessageType":"TestSession.Message","Payload":{"MessageLevel":0,"Message":"[xUnit.net 00:00:00.58]   Discovering: BankApplicationTest"}}
TpTrace Verbose: 0 : 10280, 7, 2023/09/08, 23:25:11.976, 1378787369440, vstest.console.dll, TestRunRequest:SendTestRunMessage: Starting.
TpTrace Verbose: 0 : 10280, 7, 2023/09/08, 23:25:11.977, 1378787370318, vstest.console.dll, MulticastDelegateUtilities.SafeInvoke: TestRun.LogMessages: Invoking callback 1/1 for Microsoft.VisualStudio.TestPlatform.CommandLine.TestRunResultAggregator., took 0 ms.
TpTrace Information: 0 : 10280, 7, 2023/09/08, 23:25:11.977, 1378787371093, vstest.console.dll, TestRunRequest:SendTestRunMessage: Completed.
TpTrace Verbose: 0 : 10280, 7, 2023/09/08, 23:25:11.977, 1378787371456, vstest.console.dll, MulticastDelegateUtilities.SafeInvoke: LengthPrefixCommunicationChannel: MessageReceived: Invoking callback 1/1 for Microsoft.VisualStudio.TestPlatform.CommunicationUtilities.TestRequestSender+<>c__DisplayClass34_0., took 0 ms.
TpTrace Verbose: 0 : 10280, 4, 2023/09/08, 23:25:11.977, 1378787371530, vstest.console.dll, MulticastDelegateUtilities.SafeInvoke: InternalTestLoggerEvents.SendTestRunMessage: Invoking callback 1/1 for Microsoft.VisualStudio.TestPlatform.CommandLine.Internal.ConsoleLogger., took 0 ms.
TpTrace Verbose: 0 : 10280, 7, 2023/09/08, 23:25:11.977, 1378787371910, vstest.console.dll, TcpClientExtensions.MessageLoopAsync: Polling on remoteEndPoint: 127.0.0.1:49870 localEndPoint: 127.0.0.1:49869
TpTrace Verbose: 0 : 10280, 7, 2023/09/08, 23:25:12.146, 1378789064980, vstest.console.dll, TcpClientExtensions.MessageLoopAsync: NotifyDataAvailable remoteEndPoint: 127.0.0.1:49870 localEndPoint: 127.0.0.1:49869
TpTrace Verbose: 0 : 10280, 7, 2023/09/08, 23:25:12.146, 1378789066574, vstest.console.dll, TestRequestSender.OnExecutionMessageReceived: Received message: {"Version":7,"MessageType":"TestSession.Message","Payload":{"MessageLevel":0,"Message":"[xUnit.net 00:00:00.75]   Discovered:  BankApplicationTest"}}
TpTrace Verbose: 0 : 10280, 7, 2023/09/08, 23:25:12.146, 1378789067868, vstest.console.dll, TestRunRequest:SendTestRunMessage: Starting.
TpTrace Verbose: 0 : 10280, 7, 2023/09/08, 23:25:12.146, 1378789068835, vstest.console.dll, MulticastDelegateUtilities.SafeInvoke: TestRun.LogMessages: Invoking callback 1/1 for Microsoft.VisualStudio.TestPlatform.CommandLine.TestRunResultAggregator., took 0 ms.
TpTrace Information: 0 : 10280, 7, 2023/09/08, 23:25:12.146, 1378789069727, vstest.console.dll, TestRunRequest:SendTestRunMessage: Completed.
TpTrace Verbose: 0 : 10280, 4, 2023/09/08, 23:25:12.146, 1378789069526, vstest.console.dll, MulticastDelegateUtilities.SafeInvoke: InternalTestLoggerEvents.SendTestRunMessage: Invoking callback 1/1 for Microsoft.VisualStudio.TestPlatform.CommandLine.Internal.ConsoleLogger., took 0 ms.
TpTrace Verbose: 0 : 10280, 7, 2023/09/08, 23:25:12.147, 1378789070158, vstest.console.dll, MulticastDelegateUtilities.SafeInvoke: LengthPrefixCommunicationChannel: MessageReceived: Invoking callback 1/1 for Microsoft.VisualStudio.TestPlatform.CommunicationUtilities.TestRequestSender+<>c__DisplayClass34_0., took 0 ms.
TpTrace Verbose: 0 : 10280, 7, 2023/09/08, 23:25:12.147, 1378789071876, vstest.console.dll, TcpClientExtensions.MessageLoopAsync: Polling on remoteEndPoint: 127.0.0.1:49870 localEndPoint: 127.0.0.1:49869
TpTrace Verbose: 0 : 10280, 7, 2023/09/08, 23:25:12.150, 1378789101059, vstest.console.dll, TcpClientExtensions.MessageLoopAsync: NotifyDataAvailable remoteEndPoint: 127.0.0.1:49870 localEndPoint: 127.0.0.1:49869
TpTrace Verbose: 0 : 10280, 7, 2023/09/08, 23:25:12.150, 1378789102278, vstest.console.dll, TestRequestSender.OnExecutionMessageReceived: Received message: {"Version":7,"MessageType":"TestSession.Message","Payload":{"MessageLevel":0,"Message":"[xUnit.net 00:00:00.75]   Starting:    BankApplicationTest"}}
TpTrace Verbose: 0 : 10280, 7, 2023/09/08, 23:25:12.150, 1378789103432, vstest.console.dll, TestRunRequest:SendTestRunMessage: Starting.
TpTrace Verbose: 0 : 10280, 7, 2023/09/08, 23:25:12.150, 1378789104312, vstest.console.dll, MulticastDelegateUtilities.SafeInvoke: TestRun.LogMessages: Invoking callback 1/1 for Microsoft.VisualStudio.TestPlatform.CommandLine.TestRunResultAggregator., took 0 ms.
TpTrace Information: 0 : 10280, 7, 2023/09/08, 23:25:12.150, 1378789104698, vstest.console.dll, TestRunRequest:SendTestRunMessage: Completed.
TpTrace Verbose: 0 : 10280, 7, 2023/09/08, 23:25:12.150, 1378789105029, vstest.console.dll, MulticastDelegateUtilities.SafeInvoke: LengthPrefixCommunicationChannel: MessageReceived: Invoking callback 1/1 for Microsoft.VisualStudio.TestPlatform.CommunicationUtilities.TestRequestSender+<>c__DisplayClass34_0., took 0 ms.
TpTrace Verbose: 0 : 10280, 4, 2023/09/08, 23:25:12.150, 1378789105045, vstest.console.dll, MulticastDelegateUtilities.SafeInvoke: InternalTestLoggerEvents.SendTestRunMessage: Invoking callback 1/1 for Microsoft.VisualStudio.TestPlatform.CommandLine.Internal.ConsoleLogger., took 0 ms.
TpTrace Verbose: 0 : 10280, 7, 2023/09/08, 23:25:12.150, 1378789105428, vstest.console.dll, TcpClientExtensions.MessageLoopAsync: Polling on remoteEndPoint: 127.0.0.1:49870 localEndPoint: 127.0.0.1:49869
TpTrace Verbose: 0 : 10280, 7, 2023/09/08, 23:25:12.465, 1378792251051, vstest.console.dll, TcpClientExtensions.MessageLoopAsync: NotifyDataAvailable remoteEndPoint: 127.0.0.1:49870 localEndPoint: 127.0.0.1:49869
TpTrace Verbose: 0 : 10280, 7, 2023/09/08, 23:25:12.465, 1378792256223, vstest.console.dll, TestRequestSender.OnExecutionMessageReceived: Received message: {"Version":7,"MessageType":"TestExecution.StatsChange","Payload":{"NewTestResults":[{"TestCase":{"Id":"725e730c-e514-c353-3492-bb778c54e955","FullyQualifiedName":"BankApplicationTest.CustomerTest.AddCurrentAccount_ShouldAddCurrentAccountToList","DisplayName":"BankApplicationTest.CustomerTest.AddCurrentAccount_ShouldAddCurrentAccountToList","ExecutorUri":"executor://xunit/VsTestRunner2/netcoreapp","Source":"C:\\Users\\user\\Documents\\DecagonTasks\\week-3-task-Esosa-Agbonavbare\\BankApplicationTest\\bin\\Debug\\net6.0\\fine-code-coverage\\build-output\\BankApplicationTest.dll","CodeFilePath":null,"LineNumber":0,"Properties":[]},"Attachments":[],"Outcome":1,"ErrorMessage":null,"ErrorStackTrace":null,"DisplayName":"BankApplicationTest.CustomerTest.AddCurrentAccount_ShouldAddCurrentAccountToList","Messages":[],"ComputerName":"DESKTOP-92DFF5B","Duration":"00:00:00.0088761","StartTime":"2023-09-08T22:25:12.3607543+00:00","EndTime":"2023-09-08T22:25:12.3607908+00:00","Properties":[]},{"TestCase":{"Id":"7959fa9b-2298-a27f-10ad-442327b5f29d","FullyQualifiedName":"BankApplicationTest.TransactionServiceTest.CurrentAccountTransactionTest.TransferTransactionTest.TransferFunds_ValidTransfer_ShouldDecreaseSourceBalanceAndIncreaseDestinationBalance","DisplayName":"BankApplicationTest.TransactionServiceTest.CurrentAccountTransactionTest.TransferTransactionTest.TransferFunds_ValidTransfer_ShouldDecreaseSourceBalanceAndIncreaseDestinationBalance","ExecutorUri":"executor://xunit/VsTestRunner2/netcoreapp","Source":"C:\\Users\\user\\Documents\\DecagonTasks\\week-3-task-Esosa-Agbonavbare\\BankApplicationTest\\bin\\Debug\\net6.0\\fine-code-coverage\\build-output\\BankApplicationTest.dll","CodeFilePath":null,"LineNumber":0,"Properties":[]},"Attachments":[],"Outcome":1,"ErrorMessage":null,"ErrorStackTrace":null,"DisplayName":"BankApplicationTest.TransactionServiceTest.CurrentAccountTransactionTest.TransferTransactionTest.TransferFunds_ValidTransfer_ShouldDecreaseSourceBalanceAndIncreaseDestinationBalance","Messages":[],"ComputerName":"DESKTOP-92DFF5B","Duration":"00:00:00.0142608","StartTime":"2023-09-08T22:25:12.3921326+00:00","EndTime":"2023-09-08T22:25:12.3921327+00:00","Properties":[]},{"TestCase":{"Id":"36c1cde7-47e3-782e-1005-746dee01d67a","FullyQualifiedName":"BankApplicationTest.TransactionServiceTest.CurrentAccountTransactionTest.DepositTransactionTest.Deposit_NegativeAmount_ShouldThrowException","DisplayName":"BankApplicationTest.TransactionServiceTest.CurrentAccountTransactionTest.DepositTransactionTest.Deposit_NegativeAmount_ShouldThrowException","ExecutorUri":"executor://xunit/VsTestRunner2/netcoreapp","Source":"C:\\Users\\user\\Documents\\DecagonTasks\\week-3-task-Esosa-Agbonavbare\\BankApplicationTest\\bin\\Debug\\net6.0\\fine-code-coverage\\build-output\\BankApplicationTest.dll","CodeFilePath":null,"LineNumber":0,"Properties":[]},"Attachments":[],"Outcome":1,"ErrorMessage":null,"ErrorStackTrace":null,"DisplayName":"BankApplicationTest.TransactionServiceTest.CurrentAccountTransactionTest.DepositTransactionTest.Deposit_NegativeAmount_ShouldThrowException","Messages":[],"ComputerName":"DESKTOP-92DFF5B","Duration":"00:00:00.0089353","StartTime":"2023-09-08T22:25:12.3952479+00:00","EndTime":"2023-09-08T22:25:12.395248+00:00","Properties":[]},{"TestCase":{"Id":"89b33531-076d-c823-8941-67b00d2c91b1","FullyQualifiedName":"BankApplicationTest.TransactionServiceTest.CurrentAccountTransactionTest.WithdrawTransactionTest.Withdraw_ValidAmount_ShouldDecreaseBalance","DisplayName":"BankApplicationTest.TransactionServiceTest.CurrentAccountTransactionTest.WithdrawTransactionTest.Withdraw_ValidAmount_ShouldDecreaseBalance","ExecutorUri":"executor://xunit/VsTestRunner2/netcoreapp","Source":"C:\\Users\\user\\Documents\\DecagonTasks\\week-3-task-Esosa-Agbonavbare\\BankApplicationTest\\bin\\Debug\\net6.0\\fine-code-coverage\\build-output\\BankApplicationTest.dll","CodeFilePath":null,"LineNumber":0,"Properties":[]},"Attachments":[],"Outcome":1,"ErrorMessage":null,"ErrorStackTrace":null,"DisplayName":"BankApplicationTest.TransactionServiceTest.CurrentAccountTransactionTest.WithdrawTransactionTest.Withdraw_ValidAmount_ShouldDecreaseBalance","Messages":[],"ComputerName":"DESKTOP-92DFF5B","Duration":"00:00:00.0142741","StartTime":"2023-09-08T22:25:12.4068005+00:00","EndTime":"2023-09-08T22:25:12.4068006+00:00","Properties":[]},{"TestCase":{"Id":"4f631327-489a-0958-d241-50b45028d7fe","FullyQualifiedName":"BankApplicationTest.TransactionServiceTest.SavingsAccountTransactionTest.DepositTransactionTest.Deposit_ZeroAmount_ShouldThrowException","DisplayName":"BankApplicationTest.TransactionServiceTest.SavingsAccountTransactionTest.DepositTransactionTest.Deposit_ZeroAmount_ShouldThrowException","ExecutorUri":"executor://xunit/VsTestRunner2/netcoreapp","Source":"C:\\Users\\user\\Documents\\DecagonTasks\\week-3-task-Esosa-Agbonavbare\\BankApplicationTest\\bin\\Debug\\net6.0\\fine-code-coverage\\build-output\\BankApplicationTest.dll","CodeFilePath":null,"LineNumber":0,"Properties":[]},"Attachments":[],"Outcome":1,"ErrorMessage":null,"ErrorStackTrace":null,"DisplayName":"BankApplicationTest.TransactionServiceTest.SavingsAccountTransactionTest.DepositTransactionTest.Deposit_ZeroAmount_ShouldThrowException","Messages":[],"ComputerName":"DESKTOP-92DFF5B","Duration":"00:00:00.0088273","StartTime":"2023-09-08T22:25:12.4089983+00:00","EndTime":"2023-09-08T22:25:12.4089984+00:00","Properties":[]},{"TestCase":{"Id":"9a45736e-2921-8eff-fb75-99348945e363","FullyQualifiedName":"BankApplicationTest.TransactionServiceTest.SavingsAccountTransactionTest.WithdrawTransactionTest.Withdraw_ValidAmount_ShouldDecreaseBalance","DisplayName":"BankApplicationTest.TransactionServiceTest.SavingsAccountTransactionTest.WithdrawTransactionTest.Withdraw_ValidAmount_ShouldDecreaseBalance","ExecutorUri":"executor://xunit/VsTestRunner2/netcoreapp","Source":"C:\\Users\\user\\Documents\\DecagonTasks\\week-3-task-Esosa-Agbonavbare\\BankApplicationTest\\bin\\Debug\\net6.0\\fine-code-coverage\\build-output\\BankApplicationTest.dll","CodeFilePath":null,"LineNumber":0,"Properties":[]},"Attachments":[],"Outcome":1,"ErrorMessage":null,"ErrorStackTrace":null,"DisplayName":"BankApplicationTest.TransactionServiceTest.SavingsAccountTransactionTest.WithdrawTransactionTest.Withdraw_ValidAmount_ShouldDecreaseBalance","Messages":[],"ComputerName":"DESKTOP-92DFF5B","Duration":"00:00:00.0140741","StartTime":"2023-09-08T22:25:12.4114765+00:00","EndTime":"2023-09-08T22:25:12.4114767+00:00","Properties":[]},{"TestCase":{"Id":"1c9fc7e1-b3d5-be53-f6ae-eea7b6d2c3fe","FullyQualifiedName":"BankApplicationTest.TransactionServiceTest.SavingsAccountTransactionTest.TransferTransactionTest.TransferFunds_InvalidSourceAccount_ShouldReturnFalseAndNotChangeBalance","DisplayName":"BankApplicationTest.TransactionServiceTest.SavingsAccountTransactionTest.TransferTransactionTest.TransferFunds_InvalidSourceAccount_ShouldReturnFalseAndNotChangeBalance","ExecutorUri":"executor://xunit/VsTestRunner2/netcoreapp","Source":"C:\\Users\\user\\Documents\\DecagonTasks\\week-3-task-Esosa-Agbonavbare\\BankApplicationTest\\bin\\Debug\\net6.0\\fine-code-coverage\\build-output\\BankApplicationTest.dll","CodeFilePath":null,"LineNumber":0,"Properties":[]},"Attachments":[],"Outcome":1,"ErrorMessage":null,"ErrorStackTrace":null,"DisplayName":"BankApplicationTest.TransactionServiceTest.SavingsAccountTransactionTest.TransferTransactionTest.TransferFunds_InvalidSourceAccount_ShouldReturnFalseAndNotChangeBalance","Messages":[],"ComputerName":"DESKTOP-92DFF5B","Duration":"00:00:00.0141895","StartTime":"2023-09-08T22:25:12.4136028+00:00","EndTime":"2023-09-08T22:25:12.4136029+00:00","Properties":[]}],"TestRunStatistics":{"ExecutedTests":7,"Stats":{"Passed":7}},"ActiveTests":[{"Id":"f56bd66b-e514-5ecc-2622-5969ac565e45","FullyQualifiedName":"BankApplicationTest.TransactionServiceTest.SavingsAccountTransactionTest.TransferTransactionTest.TransferFunds_ValidTransfer_ShouldDecreaseSourceBalanceAndIncreaseDestinationBalance","DisplayName":"BankApplicationTest.TransactionServiceTest.SavingsAccountTransactionTest.TransferTransactionTest.TransferFunds_ValidTransfer_ShouldDecreaseSourceBalanceAndIncreaseDestinationBalance","ExecutorUri":"executor://xunit/VsTestRunner2/netcoreapp","Source":"C:\\Users\\user\\Documents\\DecagonTasks\\week-3-task-Esosa-Agbonavbare\\BankApplicationTest\\bin\\Debug\\net6.0\\fine-code-coverage\\build-output\\BankApplicationTest.dll","CodeFilePath":null,"LineNumber":0,"Properties":[]},{"Id":"d00ebbfe-aa8b-20fd-6be6-fe21a674521a","FullyQualifiedName":"BankApplicationTest.TransactionServiceTest.CurrentAccountTransactionTest.TransferTransactionTest.TransferFunds_InvalidSourceAccount_ShouldReturnFalseAndNotChangeBalance","DisplayName":"BankApplicationTest.TransactionServiceTest.CurrentAccountTransactionTest.TransferTransactionTest.TransferFunds_InvalidSourceAccount_ShouldReturnFalseAndNotChangeBalance","ExecutorUri":"executor://xunit/VsTestRunner2/netcoreapp","Source":"C:\\Users\\user\\Documents\\DecagonTasks\\week-3-task-Esosa-Agbonavbare\\BankApplicationTest\\bin\\Debug\\net6.0\\fine-code-coverage\\build-output\\BankApplicationTest.dll","CodeFilePath":null,"LineNumber":0,"Properties":[]},{"Id":"b07100e2-81d1-8e9c-eb1b-e052e2d6464a","FullyQualifiedName":"BankApplicationTest.TransactionServiceTest.CurrentAccountTransactionTest.DepositTransactionTest.Deposit_ValidAmount_ShouldIncreaseBalance","DisplayName":"BankApplicationTest.TransactionServiceTest.CurrentAccountTransactionTest.DepositTransactionTest.Deposit_ValidAmount_ShouldIncreaseBalance","ExecutorUri":"executor://xunit/VsTestRunner2/netcoreapp","Source":"C:\\Users\\user\\Documents\\DecagonTasks\\week-3-task-Esosa-Agbonavbare\\BankApplicationTest\\bin\\Debug\\net6.0\\fine-code-coverage\\build-output\\BankApplicationTest.dll","CodeFilePath":null,"LineNumber":0,"Properties":[]}]}}
TpTrace Verbose: 0 : 10280, 7, 2023/09/08, 23:25:12.497, 1378792579735, vstest.console.dll, TestRunRequest:SendTestRunStatsChange: Starting.
TpTrace Verbose: 0 : 10280, 7, 2023/09/08, 23:25:12.498, 1378792582149, vstest.console.dll, InProgress is BankApplicationTest.TransactionServiceTest.SavingsAccountTransactionTest.TransferTransactionTest.TransferFunds_ValidTransfer_ShouldDecreaseSourceBalanceAndIncreaseDestinationBalance
TpTrace Verbose: 0 : 10280, 7, 2023/09/08, 23:25:12.498, 1378792582885, vstest.console.dll, InProgress is BankApplicationTest.TransactionServiceTest.CurrentAccountTransactionTest.TransferTransactionTest.TransferFunds_InvalidSourceAccount_ShouldReturnFalseAndNotChangeBalance
TpTrace Verbose: 0 : 10280, 7, 2023/09/08, 23:25:12.498, 1378792583254, vstest.console.dll, InProgress is BankApplicationTest.TransactionServiceTest.CurrentAccountTransactionTest.DepositTransactionTest.Deposit_ValidAmount_ShouldIncreaseBalance
TpTrace Verbose: 0 : 10280, 7, 2023/09/08, 23:25:12.498, 1378792587094, vstest.console.dll, MulticastDelegateUtilities.SafeInvoke: TestRun.RunStatsChanged: Invoking callbacks was skipped because there are no subscribers.
TpTrace Information: 0 : 10280, 7, 2023/09/08, 23:25:12.498, 1378792587804, vstest.console.dll, TestRunRequest:SendTestRunStatsChange: Completed.
TpTrace Verbose: 0 : 10280, 7, 2023/09/08, 23:25:12.498, 1378792588217, vstest.console.dll, MulticastDelegateUtilities.SafeInvoke: LengthPrefixCommunicationChannel: MessageReceived: Invoking callback 1/1 for Microsoft.VisualStudio.TestPlatform.CommunicationUtilities.TestRequestSender+<>c__DisplayClass34_0., took 33 ms.
TpTrace Verbose: 0 : 10280, 7, 2023/09/08, 23:25:12.498, 1378792588651, vstest.console.dll, TcpClientExtensions.MessageLoopAsync: Polling on remoteEndPoint: 127.0.0.1:49870 localEndPoint: 127.0.0.1:49869
TpTrace Verbose: 0 : 10280, 7, 2023/09/08, 23:25:12.498, 1378792589191, vstest.console.dll, TcpClientExtensions.MessageLoopAsync: NotifyDataAvailable remoteEndPoint: 127.0.0.1:49870 localEndPoint: 127.0.0.1:49869
TpTrace Verbose: 0 : 10280, 7, 2023/09/08, 23:25:12.499, 1378792591247, vstest.console.dll, TestRequestSender.OnExecutionMessageReceived: Received message: {"Version":7,"MessageType":"TestExecution.StatsChange","Payload":{"NewTestResults":[{"TestCase":{"Id":"b07100e2-81d1-8e9c-eb1b-e052e2d6464a","FullyQualifiedName":"BankApplicationTest.TransactionServiceTest.CurrentAccountTransactionTest.DepositTransactionTest.Deposit_ValidAmount_ShouldIncreaseBalance","DisplayName":"BankApplicationTest.TransactionServiceTest.CurrentAccountTransactionTest.DepositTransactionTest.Deposit_ValidAmount_ShouldIncreaseBalance","ExecutorUri":"executor://xunit/VsTestRunner2/netcoreapp","Source":"C:\\Users\\user\\Documents\\DecagonTasks\\week-3-task-Esosa-Agbonavbare\\BankApplicationTest\\bin\\Debug\\net6.0\\fine-code-coverage\\build-output\\BankApplicationTest.dll","CodeFilePath":null,"LineNumber":0,"Properties":[]},"Attachments":[],"Outcome":1,"ErrorMessage":null,"ErrorStackTrace":null,"DisplayName":"BankApplicationTest.TransactionServiceTest.CurrentAccountTransactionTest.DepositTransactionTest.Deposit_ValidAmount_ShouldIncreaseBalance","Messages":[],"ComputerName":"DESKTOP-92DFF5B","Duration":"00:00:00.0003760","StartTime":"2023-09-08T22:25:12.4731303+00:00","EndTime":"2023-09-08T22:25:12.4731304+00:00","Properties":[]},{"TestCase":{"Id":"f538a185-627a-aa22-3dc9-3a869b3f5e79","FullyQualifiedName":"BankApplicationTest.TransactionServiceTest.SavingsAccountTransactionTest.DepositTransactionTest.Deposit_ValidAmount_ShouldIncreaseBalance","DisplayName":"BankApplicationTest.TransactionServiceTest.SavingsAccountTransactionTest.DepositTransactionTest.Deposit_ValidAmount_ShouldIncreaseBalance","ExecutorUri":"executor://xunit/VsTestRunner2/netcoreapp","Source":"C:\\Users\\user\\Documents\\DecagonTasks\\week-3-task-Esosa-Agbonavbare\\BankApplicationTest\\bin\\Debug\\net6.0\\fine-code-coverage\\build-output\\BankApplicationTest.dll","CodeFilePath":null,"LineNumber":0,"Properties":[]},"Attachments":[],"Outcome":1,"ErrorMessage":null,"ErrorStackTrace":null,"DisplayName":"BankApplicationTest.TransactionServiceTest.SavingsAccountTransactionTest.DepositTransactionTest.Deposit_ValidAmount_ShouldIncreaseBalance","Messages":[],"ComputerName":"DESKTOP-92DFF5B","Duration":"00:00:00.0004177","StartTime":"2023-09-08T22:25:12.4782798+00:00","EndTime":"2023-09-08T22:25:12.4782799+00:00","Properties":[]},{"TestCase":{"Id":"d00ebbfe-aa8b-20fd-6be6-fe21a674521a","FullyQualifiedName":"BankApplicationTest.TransactionServiceTest.CurrentAccountTransactionTest.TransferTransactionTest.TransferFunds_InvalidSourceAccount_ShouldReturnFalseAndNotChangeBalance","DisplayName":"BankApplicationTest.TransactionServiceTest.CurrentAccountTransactionTest.TransferTransactionTest.TransferFunds_InvalidSourceAccount_ShouldReturnFalseAndNotChangeBalance","ExecutorUri":"executor://xunit/VsTestRunner2/netcoreapp","Source":"C:\\Users\\user\\Documents\\DecagonTasks\\week-3-task-Esosa-Agbonavbare\\BankApplicationTest\\bin\\Debug\\net6.0\\fine-code-coverage\\build-output\\BankApplicationTest.dll","CodeFilePath":null,"LineNumber":0,"Properties":[]},"Attachments":[],"Outcome":1,"ErrorMessage":null,"ErrorStackTrace":null,"DisplayName":"BankApplicationTest.TransactionServiceTest.CurrentAccountTransactionTest.TransferTransactionTest.TransferFunds_InvalidSourceAccount_ShouldReturnFalseAndNotChangeBalance","Messages":[],"ComputerName":"DESKTOP-92DFF5B","Duration":"00:00:00.0004879","StartTime":"2023-09-08T22:25:12.4820315+00:00","EndTime":"2023-09-08T22:25:12.4820315+00:00","Properties":[]},{"TestCase":{"Id":"f56bd66b-e514-5ecc-2622-5969ac565e45","FullyQualifiedName":"BankApplicationTest.TransactionServiceTest.SavingsAccountTransactionTest.TransferTransactionTest.TransferFunds_ValidTransfer_ShouldDecreaseSourceBalanceAndIncreaseDestinationBalance","DisplayName":"BankApplicationTest.TransactionServiceTest.SavingsAccountTransactionTest.TransferTransactionTest.TransferFunds_ValidTransfer_ShouldDecreaseSourceBalanceAndIncreaseDestinationBalance","ExecutorUri":"executor://xunit/VsTestRunner2/netcoreapp","Source":"C:\\Users\\user\\Documents\\DecagonTasks\\week-3-task-Esosa-Agbonavbare\\BankApplicationTest\\bin\\Debug\\net6.0\\fine-code-coverage\\build-output\\BankApplicationTest.dll","CodeFilePath":null,"LineNumber":0,"Properties":[]},"Attachments":[],"Outcome":1,"ErrorMessage":null,"ErrorStackTrace":null,"DisplayName":"BankApplicationTest.TransactionServiceTest.SavingsAccountTransactionTest.TransferTransactionTest.TransferFunds_ValidTransfer_ShouldDecreaseSourceBalanceAndIncreaseDestinationBalance","Messages":[],"ComputerName":"DESKTOP-92DFF5B","Duration":"00:00:00.0005421","StartTime":"2023-09-08T22:25:12.4837339+00:00","EndTime":"2023-09-08T22:25:12.483734+00:00","Properties":[]},{"TestCase":{"Id":"e01ab4ab-879c-c3e9-155d-b214aa7ccf85","FullyQualifiedName":"BankApplicationTest.TransactionServiceTest.CurrentAccountTransactionTest.WithdrawTransactionTest.Withdraw_InsufficientBalance_ShouldNotChangeBalance","DisplayName":"BankApplicationTest.TransactionServiceTest.CurrentAccountTransactionTest.WithdrawTransactionTest.Withdraw_InsufficientBalance_ShouldNotChangeBalance","ExecutorUri":"executor://xunit/VsTestRunner2/netcoreapp","Source":"C:\\Users\\user\\Documents\\DecagonTasks\\week-3-task-Esosa-Agbonavbare\\BankApplicationTest\\bin\\Debug\\net6.0\\fine-code-coverage\\build-output\\BankApplicationTest.dll","CodeFilePath":null,"LineNumber":0,"Properties":[]},"Attachments":[],"Outcome":1,"ErrorMessage":null,"ErrorStackTrace":null,"DisplayName":"BankApplicationTest.TransactionServiceTest.CurrentAccountTransactionTest.WithdrawTransactionTest.Withdraw_InsufficientBalance_ShouldNotChangeBalance","Messages":[],"ComputerName":"DESKTOP-92DFF5B","Duration":"00:00:00.0003409","StartTime":"2023-09-08T22:25:12.4856471+00:00","EndTime":"2023-09-08T22:25:12.4856472+00:00","Properties":[]}],"TestRunStatistics":{"ExecutedTests":12,"Stats":{"Passed":12}},"ActiveTests":[{"Id":"931b7d6e-7d83-f7ec-3b33-c1e92e37deac","FullyQualifiedName":"BankApplicationTest.CustomerTest.ValidatePassword_Validations","DisplayName":"BankApplicationTest.CustomerTest.ValidatePassword_Validations(password: \"Abc@123\", expected: True)","ExecutorUri":"executor://xunit/VsTestRunner2/netcoreapp","Source":"C:\\Users\\user\\Documents\\DecagonTasks\\week-3-task-Esosa-Agbonavbare\\BankApplicationTest\\bin\\Debug\\net6.0\\fine-code-coverage\\build-output\\BankApplicationTest.dll","CodeFilePath":null,"LineNumber":0,"Properties":[]},{"Id":"fde19999-7e1a-f13e-605a-6a02ffdc00af","FullyQualifiedName":"BankApplicationTest.TransactionServiceTest.SavingsAccountTransactionTest.WithdrawTransactionTest.Withdraw_InsufficientBalance_ShouldNotChangeBalance","DisplayName":"BankApplicationTest.TransactionServiceTest.SavingsAccountTransactionTest.WithdrawTransactionTest.Withdraw_InsufficientBalance_ShouldNotChangeBalance","ExecutorUri":"executor://xunit/VsTestRunner2/netcoreapp","Source":"C:\\Users\\user\\Documents\\DecagonTasks\\week-3-task-Esosa-Agbonavbare\\BankApplicationTest\\bin\\Debug\\net6.0\\fine-code-coverage\\build-output\\BankApplicationTest.dll","CodeFilePath":null,"LineNumber":0,"Properties":[]},{"Id":"9678a421-db68-9636-16b7-537af5104e9e","FullyQualifiedName":"BankApplicationTest.TransactionServiceTest.CurrentAccountTransactionTest.DepositTransactionTest.Deposit_ZeroAmount_ShouldThrowException","DisplayName":"BankApplicationTest.TransactionServiceTest.CurrentAccountTransactionTest.DepositTransactionTest.Deposit_ZeroAmount_ShouldThrowException","ExecutorUri":"executor://xunit/VsTestRunner2/netcoreapp","Source":"C:\\Users\\user\\Documents\\DecagonTasks\\week-3-task-Esosa-Agbonavbare\\BankApplicationTest\\bin\\Debug\\net6.0\\fine-code-coverage\\build-output\\BankApplicationTest.dll","CodeFilePath":null,"LineNumber":0,"Properties":[]},{"Id":"1ff88dac-55d2-f331-d485-421e04f1405d","FullyQualifiedName":"BankApplicationTest.TransactionServiceTest.SavingsAccountTransactionTest.DepositTransactionTest.Deposit_NegativeAmount_ShouldThrowException","DisplayName":"BankApplicationTest.TransactionServiceTest.SavingsAccountTransactionTest.DepositTransactionTest.Deposit_NegativeAmount_ShouldThrowException","ExecutorUri":"executor://xunit/VsTestRunner2/netcoreapp","Source":"C:\\Users\\user\\Documents\\DecagonTasks\\week-3-task-Esosa-Agbonavbare\\BankApplicationTest\\bin\\Debug\\net6.0\\fine-code-coverage\\build-output\\BankApplicationTest.dll","CodeFilePath":null,"LineNumber":0,"Properties":[]},{"Id":"cbf3f095-f9cc-8b13-b322-a11b5b011936","FullyQualifiedName":"BankApplicationTest.TransactionServiceTest.CurrentAccountTransactionTest.WithdrawTransactionTest.Withdraw_NegativeAmount_ShouldNotChangeBalance","DisplayName":"BankApplicationTest.TransactionServiceTest.CurrentAccountTransactionTest.WithdrawTransactionTest.Withdraw_NegativeAmount_ShouldNotChangeBalance","ExecutorUri":"executor://xunit/VsTestRunner2/netcoreapp","Source":"C:\\Users\\user\\Documents\\DecagonTasks\\week-3-task-Esosa-Agbonavbare\\BankApplicationTest\\bin\\Debug\\net6.0\\fine-code-coverage\\build-output\\BankApplicationTest.dll","CodeFilePath":null,"LineNumber":0,"Properties":[]}]}}
TpTrace Verbose: 0 : 10280, 7, 2023/09/08, 23:25:12.500, 1378792602661, vstest.console.dll, TestRunRequest:SendTestRunStatsChange: Starting.
TpTrace Verbose: 0 : 10280, 7, 2023/09/08, 23:25:12.500, 1378792603845, vstest.console.dll, InProgress is BankApplicationTest.CustomerTest.ValidatePassword_Validations(password: "Abc@123", expected: True)
TpTrace Verbose: 0 : 10280, 7, 2023/09/08, 23:25:12.500, 1378792604536, vstest.console.dll, InProgress is BankApplicationTest.TransactionServiceTest.SavingsAccountTransactionTest.WithdrawTransactionTest.Withdraw_InsufficientBalance_ShouldNotChangeBalance
TpTrace Verbose: 0 : 10280, 7, 2023/09/08, 23:25:12.500, 1378792605146, vstest.console.dll, InProgress is BankApplicationTest.TransactionServiceTest.CurrentAccountTransactionTest.DepositTransactionTest.Deposit_ZeroAmount_ShouldThrowException
TpTrace Verbose: 0 : 10280, 7, 2023/09/08, 23:25:12.500, 1378792606026, vstest.console.dll, InProgress is BankApplicationTest.TransactionServiceTest.SavingsAccountTransactionTest.DepositTransactionTest.Deposit_NegativeAmount_ShouldThrowException
TpTrace Verbose: 0 : 10280, 7, 2023/09/08, 23:25:12.500, 1378792606378, vstest.console.dll, InProgress is BankApplicationTest.TransactionServiceTest.CurrentAccountTransactionTest.WithdrawTransactionTest.Withdraw_NegativeAmount_ShouldNotChangeBalance
TpTrace Verbose: 0 : 10280, 7, 2023/09/08, 23:25:12.500, 1378792607744, vstest.console.dll, MulticastDelegateUtilities.SafeInvoke: TestRun.RunStatsChanged: Invoking callbacks was skipped because there are no subscribers.
TpTrace Information: 0 : 10280, 7, 2023/09/08, 23:25:12.500, 1378792608176, vstest.console.dll, TestRunRequest:SendTestRunStatsChange: Completed.
TpTrace Verbose: 0 : 10280, 7, 2023/09/08, 23:25:12.500, 1378792608734, vstest.console.dll, MulticastDelegateUtilities.SafeInvoke: LengthPrefixCommunicationChannel: MessageReceived: Invoking callback 1/1 for Microsoft.VisualStudio.TestPlatform.CommunicationUtilities.TestRequestSender+<>c__DisplayClass34_0., took 1 ms.
TpTrace Verbose: 0 : 10280, 7, 2023/09/08, 23:25:12.500, 1378792609108, vstest.console.dll, TcpClientExtensions.MessageLoopAsync: Polling on remoteEndPoint: 127.0.0.1:49870 localEndPoint: 127.0.0.1:49869
TpTrace Verbose: 0 : 10280, 4, 2023/09/08, 23:25:12.504, 1378792647089, vstest.console.dll, MulticastDelegateUtilities.SafeInvoke: InternalTestLoggerEvents.SendTestResult: Invoking callback 1/1 for Microsoft.VisualStudio.TestPlatform.CommandLine.Internal.ConsoleLogger., took 5 ms.
TpTrace Verbose: 0 : 10280, 4, 2023/09/08, 23:25:12.505, 1378792651400, vstest.console.dll, MulticastDelegateUtilities.SafeInvoke: InternalTestLoggerEvents.SendTestResult: Invoking callback 1/1 for Microsoft.VisualStudio.TestPlatform.CommandLine.Internal.ConsoleLogger., took 0 ms.
TpTrace Verbose: 0 : 10280, 4, 2023/09/08, 23:25:12.505, 1378792652290, vstest.console.dll, MulticastDelegateUtilities.SafeInvoke: InternalTestLoggerEvents.SendTestResult: Invoking callback 1/1 for Microsoft.VisualStudio.TestPlatform.CommandLine.Internal.ConsoleLogger., took 0 ms.
TpTrace Verbose: 0 : 10280, 4, 2023/09/08, 23:25:12.505, 1378792652831, vstest.console.dll, MulticastDelegateUtilities.SafeInvoke: InternalTestLoggerEvents.SendTestResult: Invoking callback 1/1 for Microsoft.VisualStudio.TestPlatform.CommandLine.Internal.ConsoleLogger., took 0 ms.
TpTrace Verbose: 0 : 10280, 4, 2023/09/08, 23:25:12.505, 1378792653369, vstest.console.dll, MulticastDelegateUtilities.SafeInvoke: InternalTestLoggerEvents.SendTestResult: Invoking callback 1/1 for Microsoft.VisualStudio.TestPlatform.CommandLine.Internal.ConsoleLogger., took 0 ms.
TpTrace Verbose: 0 : 10280, 4, 2023/09/08, 23:25:12.505, 1378792653875, vstest.console.dll, MulticastDelegateUtilities.SafeInvoke: InternalTestLoggerEvents.SendTestResult: Invoking callback 1/1 for Microsoft.VisualStudio.TestPlatform.CommandLine.Internal.ConsoleLogger., took 0 ms.
TpTrace Verbose: 0 : 10280, 4, 2023/09/08, 23:25:12.505, 1378792654380, vstest.console.dll, MulticastDelegateUtilities.SafeInvoke: InternalTestLoggerEvents.SendTestResult: Invoking callback 1/1 for Microsoft.VisualStudio.TestPlatform.CommandLine.Internal.ConsoleLogger., took 0 ms.
TpTrace Verbose: 0 : 10280, 4, 2023/09/08, 23:25:12.505, 1378792655030, vstest.console.dll, MulticastDelegateUtilities.SafeInvoke: InternalTestLoggerEvents.SendTestResult: Invoking callback 1/1 for Microsoft.VisualStudio.TestPlatform.CommandLine.Internal.ConsoleLogger., took 0 ms.
TpTrace Verbose: 0 : 10280, 4, 2023/09/08, 23:25:12.506, 1378792667856, vstest.console.dll, MulticastDelegateUtilities.SafeInvoke: InternalTestLoggerEvents.SendTestResult: Invoking callback 1/1 for Microsoft.VisualStudio.TestPlatform.CommandLine.Internal.ConsoleLogger., took 1 ms.
TpTrace Verbose: 0 : 10280, 4, 2023/09/08, 23:25:12.506, 1378792668930, vstest.console.dll, MulticastDelegateUtilities.SafeInvoke: InternalTestLoggerEvents.SendTestResult: Invoking callback 1/1 for Microsoft.VisualStudio.TestPlatform.CommandLine.Internal.ConsoleLogger., took 0 ms.
TpTrace Verbose: 0 : 10280, 4, 2023/09/08, 23:25:12.506, 1378792669701, vstest.console.dll, MulticastDelegateUtilities.SafeInvoke: InternalTestLoggerEvents.SendTestResult: Invoking callback 1/1 for Microsoft.VisualStudio.TestPlatform.CommandLine.Internal.ConsoleLogger., took 0 ms.
TpTrace Verbose: 0 : 10280, 4, 2023/09/08, 23:25:12.507, 1378792670210, vstest.console.dll, MulticastDelegateUtilities.SafeInvoke: InternalTestLoggerEvents.SendTestResult: Invoking callback 1/1 for Microsoft.VisualStudio.TestPlatform.CommandLine.Internal.ConsoleLogger., took 0 ms.
TpTrace Verbose: 0 : 10280, 7, 2023/09/08, 23:25:12.515, 1378792751093, vstest.console.dll, TcpClientExtensions.MessageLoopAsync: NotifyDataAvailable remoteEndPoint: 127.0.0.1:49870 localEndPoint: 127.0.0.1:49869
TpTrace Verbose: 0 : 10280, 7, 2023/09/08, 23:25:12.515, 1378792753856, vstest.console.dll, TestRequestSender.OnExecutionMessageReceived: Received message: {"Version":7,"MessageType":"TestExecution.StatsChange","Payload":{"NewTestResults":[{"TestCase":{"Id":"fde19999-7e1a-f13e-605a-6a02ffdc00af","FullyQualifiedName":"BankApplicationTest.TransactionServiceTest.SavingsAccountTransactionTest.WithdrawTransactionTest.Withdraw_InsufficientBalance_ShouldNotChangeBalance","DisplayName":"BankApplicationTest.TransactionServiceTest.SavingsAccountTransactionTest.WithdrawTransactionTest.Withdraw_InsufficientBalance_ShouldNotChangeBalance","ExecutorUri":"executor://xunit/VsTestRunner2/netcoreapp","Source":"C:\\Users\\user\\Documents\\DecagonTasks\\week-3-task-Esosa-Agbonavbare\\BankApplicationTest\\bin\\Debug\\net6.0\\fine-code-coverage\\build-output\\BankApplicationTest.dll","CodeFilePath":null,"LineNumber":0,"Properties":[]},"Attachments":[],"Outcome":1,"ErrorMessage":null,"ErrorStackTrace":null,"DisplayName":"BankApplicationTest.TransactionServiceTest.SavingsAccountTransactionTest.WithdrawTransactionTest.Withdraw_InsufficientBalance_ShouldNotChangeBalance","Messages":[],"ComputerName":"DESKTOP-92DFF5B","Duration":"00:00:00.0006042","StartTime":"2023-09-08T22:25:12.4922188+00:00","EndTime":"2023-09-08T22:25:12.4922189+00:00","Properties":[]},{"TestCase":{"Id":"cbf3f095-f9cc-8b13-b322-a11b5b011936","FullyQualifiedName":"BankApplicationTest.TransactionServiceTest.CurrentAccountTransactionTest.WithdrawTransactionTest.Withdraw_NegativeAmount_ShouldNotChangeBalance","DisplayName":"BankApplicationTest.TransactionServiceTest.CurrentAccountTransactionTest.WithdrawTransactionTest.Withdraw_NegativeAmount_ShouldNotChangeBalance","ExecutorUri":"executor://xunit/VsTestRunner2/netcoreapp","Source":"C:\\Users\\user\\Documents\\DecagonTasks\\week-3-task-Esosa-Agbonavbare\\BankApplicationTest\\bin\\Debug\\net6.0\\fine-code-coverage\\build-output\\BankApplicationTest.dll","CodeFilePath":null,"LineNumber":0,"Properties":[]},"Attachments":[],"Outcome":1,"ErrorMessage":null,"ErrorStackTrace":null,"DisplayName":"BankApplicationTest.TransactionServiceTest.CurrentAccountTransactionTest.WithdrawTransactionTest.Withdraw_NegativeAmount_ShouldNotChangeBalance","Messages":[],"ComputerName":"DESKTOP-92DFF5B","Duration":"00:00:00.0003884","StartTime":"2023-09-08T22:25:12.4957289+00:00","EndTime":"2023-09-08T22:25:12.495729+00:00","Properties":[]},{"TestCase":{"Id":"9678a421-db68-9636-16b7-537af5104e9e","FullyQualifiedName":"BankApplicationTest.TransactionServiceTest.CurrentAccountTransactionTest.DepositTransactionTest.Deposit_ZeroAmount_ShouldThrowException","DisplayName":"BankApplicationTest.TransactionServiceTest.CurrentAccountTransactionTest.DepositTransactionTest.Deposit_ZeroAmount_ShouldThrowException","ExecutorUri":"executor://xunit/VsTestRunner2/netcoreapp","Source":"C:\\Users\\user\\Documents\\DecagonTasks\\week-3-task-Esosa-Agbonavbare\\BankApplicationTest\\bin\\Debug\\net6.0\\fine-code-coverage\\build-output\\BankApplicationTest.dll","CodeFilePath":null,"LineNumber":0,"Properties":[]},"Attachments":[],"Outcome":1,"ErrorMessage":null,"ErrorStackTrace":null,"DisplayName":"BankApplicationTest.TransactionServiceTest.CurrentAccountTransactionTest.DepositTransactionTest.Deposit_ZeroAmount_ShouldThrowException","Messages":[],"ComputerName":"DESKTOP-92DFF5B","Duration":"00:00:00.0006824","StartTime":"2023-09-08T22:25:12.4990347+00:00","EndTime":"2023-09-08T22:25:12.4990348+00:00","Properties":[]},{"TestCase":{"Id":"1ff88dac-55d2-f331-d485-421e04f1405d","FullyQualifiedName":"BankApplicationTest.TransactionServiceTest.SavingsAccountTransactionTest.DepositTransactionTest.Deposit_NegativeAmount_ShouldThrowException","DisplayName":"BankApplicationTest.TransactionServiceTest.SavingsAccountTransactionTest.DepositTransactionTest.Deposit_NegativeAmount_ShouldThrowException","ExecutorUri":"executor://xunit/VsTestRunner2/netcoreapp","Source":"C:\\Users\\user\\Documents\\DecagonTasks\\week-3-task-Esosa-Agbonavbare\\BankApplicationTest\\bin\\Debug\\net6.0\\fine-code-coverage\\build-output\\BankApplicationTest.dll","CodeFilePath":null,"LineNumber":0,"Properties":[]},"Attachments":[],"Outcome":1,"ErrorMessage":null,"ErrorStackTrace":null,"DisplayName":"BankApplicationTest.TransactionServiceTest.SavingsAccountTransactionTest.DepositTransactionTest.Deposit_NegativeAmount_ShouldThrowException","Messages":[],"ComputerName":"DESKTOP-92DFF5B","Duration":"00:00:00.0006644","StartTime":"2023-09-08T22:25:12.5009915+00:00","EndTime":"2023-09-08T22:25:12.5009916+00:00","Properties":[]},{"TestCase":{"Id":"712c813e-9f19-d13a-13ee-a26567dd453a","FullyQualifiedName":"BankApplicationTest.TransactionServiceTest.SavingsAccountTransactionTest.WithdrawTransactionTest.Withdraw_NegativeAmount_ShouldNotChangeBalance","DisplayName":"BankApplicationTest.TransactionServiceTest.SavingsAccountTransactionTest.WithdrawTransactionTest.Withdraw_NegativeAmount_ShouldNotChangeBalance","ExecutorUri":"executor://xunit/VsTestRunner2/netcoreapp","Source":"C:\\Users\\user\\Documents\\DecagonTasks\\week-3-task-Esosa-Agbonavbare\\BankApplicationTest\\bin\\Debug\\net6.0\\fine-code-coverage\\build-output\\BankApplicationTest.dll","CodeFilePath":null,"LineNumber":0,"Properties":[]},"Attachments":[],"Outcome":1,"ErrorMessage":null,"ErrorStackTrace":null,"DisplayName":"BankApplicationTest.TransactionServiceTest.SavingsAccountTransactionTest.WithdrawTransactionTest.Withdraw_NegativeAmount_ShouldNotChangeBalance","Messages":[],"ComputerName":"DESKTOP-92DFF5B","Duration":"00:00:00.0003795","StartTime":"2023-09-08T22:25:12.5027197+00:00","EndTime":"2023-09-08T22:25:12.5027198+00:00","Properties":[]},{"TestCase":{"Id":"aff70c3c-453f-04e2-33bb-ce21f58ac927","FullyQualifiedName":"BankApplicationTest.TransactionServiceTest.CurrentAccountTransactionTest.WithdrawTransactionTest.Withdraw_ZeroAmount_ShouldNotChangeBalance","DisplayName":"BankApplicationTest.TransactionServiceTest.CurrentAccountTransactionTest.WithdrawTransactionTest.Withdraw_ZeroAmount_ShouldNotChangeBalance","ExecutorUri":"executor://xunit/VsTestRunner2/netcoreapp","Source":"C:\\Users\\user\\Documents\\DecagonTasks\\week-3-task-Esosa-Agbonavbare\\BankApplicationTest\\bin\\Debug\\net6.0\\fine-code-coverage\\build-output\\BankApplicationTest.dll","CodeFilePath":null,"LineNumber":0,"Properties":[]},"Attachments":[],"Outcome":1,"ErrorMessage":null,"ErrorStackTrace":null,"DisplayName":"BankApplicationTest.TransactionServiceTest.CurrentAccountTransactionTest.WithdrawTransactionTest.Withdraw_ZeroAmount_ShouldNotChangeBalance","Messages":[],"ComputerName":"DESKTOP-92DFF5B","Duration":"00:00:00.0003944","StartTime":"2023-09-08T22:25:12.5064657+00:00","EndTime":"2023-09-08T22:25:12.5064658+00:00","Properties":[]},{"TestCase":{"Id":"ba6f4842-723f-9cfb-edc7-7744749f6c9e","FullyQualifiedName":"BankApplicationTest.TransactionServiceTest.SavingsAccountTransactionTest.WithdrawTransactionTest.Withdraw_ZeroAmount_ShouldNotChangeBalance","DisplayName":"BankApplicationTest.TransactionServiceTest.SavingsAccountTransactionTest.WithdrawTransactionTest.Withdraw_ZeroAmount_ShouldNotChangeBalance","ExecutorUri":"executor://xunit/VsTestRunner2/netcoreapp","Source":"C:\\Users\\user\\Documents\\DecagonTasks\\week-3-task-Esosa-Agbonavbare\\BankApplicationTest\\bin\\Debug\\net6.0\\fine-code-coverage\\build-output\\BankApplicationTest.dll","CodeFilePath":null,"LineNumber":0,"Properties":[]},"Attachments":[],"Outcome":1,"ErrorMessage":null,"ErrorStackTrace":null,"DisplayName":"BankApplicationTest.TransactionServiceTest.SavingsAccountTransactionTest.WithdrawTransactionTest.Withdraw_ZeroAmount_ShouldNotChangeBalance","Messages":[],"ComputerName":"DESKTOP-92DFF5B","Duration":"00:00:00.0004203","StartTime":"2023-09-08T22:25:12.5084197+00:00","EndTime":"2023-09-08T22:25:12.5084198+00:00","Properties":[]},{"TestCase":{"Id":"931b7d6e-7d83-f7ec-3b33-c1e92e37deac","FullyQualifiedName":"BankApplicationTest.CustomerTest.ValidatePassword_Validations","DisplayName":"BankApplicationTest.CustomerTest.ValidatePassword_Validations(password: \"Abc@123\", expected: True)","ExecutorUri":"executor://xunit/VsTestRunner2/netcoreapp","Source":"C:\\Users\\user\\Documents\\DecagonTasks\\week-3-task-Esosa-Agbonavbare\\BankApplicationTest\\bin\\Debug\\net6.0\\fine-code-coverage\\build-output\\BankApplicationTest.dll","CodeFilePath":null,"LineNumber":0,"Properties":[]},"Attachments":[],"Outcome":1,"ErrorMessage":null,"ErrorStackTrace":null,"DisplayName":"BankApplicationTest.CustomerTest.ValidatePassword_Validations(password: \"Abc@123\", expected: True)","Messages":[],"ComputerName":"DESKTOP-92DFF5B","Duration":"00:00:00.0042837","StartTime":"2023-09-08T22:25:12.5099575+00:00","EndTime":"2023-09-08T22:25:12.5099576+00:00","Properties":[]},{"TestCase":{"Id":"18b6c43c-f15d-1039-72d8-0fa03413025b","FullyQualifiedName":"BankApplicationTest.CustomerTest.ValidatePassword_Validations","DisplayName":"BankApplicationTest.CustomerTest.ValidatePassword_Validations(password: \"12345\", expected: False)","ExecutorUri":"executor://xunit/VsTestRunner2/netcoreapp","Source":"C:\\Users\\user\\Documents\\DecagonTasks\\week-3-task-Esosa-Agbonavbare\\BankApplicationTest\\bin\\Debug\\net6.0\\fine-code-coverage\\build-output\\BankApplicationTest.dll","CodeFilePath":null,"LineNumber":0,"Properties":[]},"Attachments":[],"Outcome":1,"ErrorMessage":null,"ErrorStackTrace":null,"DisplayName":"BankApplicationTest.CustomerTest.ValidatePassword_Validations(password: \"12345\", expected: False)","Messages":[],"ComputerName":"DESKTOP-92DFF5B","Duration":"00:00:00.0000206","StartTime":"2023-09-08T22:25:12.512754+00:00","EndTime":"2023-09-08T22:25:12.5127541+00:00","Properties":[]}],"TestRunStatistics":{"ExecutedTests":21,"Stats":{"Passed":21}},"ActiveTests":[{"Id":"d0faeec6-5a8d-b353-34cf-40f3081128b1","FullyQualifiedName":"BankApplicationTest.CustomerTest.ValidatePassword_Validations","DisplayName":"BankApplicationTest.CustomerTest.ValidatePassword_Validations(password: \"Abc@\", expected: False)","ExecutorUri":"executor://xunit/VsTestRunner2/netcoreapp","Source":"C:\\Users\\user\\Documents\\DecagonTasks\\week-3-task-Esosa-Agbonavbare\\BankApplicationTest\\bin\\Debug\\net6.0\\fine-code-coverage\\build-output\\BankApplicationTest.dll","CodeFilePath":null,"LineNumber":0,"Properties":[]}]}}
TpTrace Verbose: 0 : 10280, 7, 2023/09/08, 23:25:12.516, 1378792761609, vstest.console.dll, TestRunRequest:SendTestRunStatsChange: Starting.
TpTrace Verbose: 0 : 10280, 7, 2023/09/08, 23:25:12.516, 1378792762217, vstest.console.dll, InProgress is BankApplicationTest.CustomerTest.ValidatePassword_Validations(password: "Abc@", expected: False)
TpTrace Verbose: 0 : 10280, 7, 2023/09/08, 23:25:12.516, 1378792763128, vstest.console.dll, MulticastDelegateUtilities.SafeInvoke: TestRun.RunStatsChanged: Invoking callbacks was skipped because there are no subscribers.
TpTrace Information: 0 : 10280, 7, 2023/09/08, 23:25:12.516, 1378792763538, vstest.console.dll, TestRunRequest:SendTestRunStatsChange: Completed.
TpTrace Verbose: 0 : 10280, 7, 2023/09/08, 23:25:12.516, 1378792764062, vstest.console.dll, MulticastDelegateUtilities.SafeInvoke: LengthPrefixCommunicationChannel: MessageReceived: Invoking callback 1/1 for Microsoft.VisualStudio.TestPlatform.CommunicationUtilities.TestRequestSender+<>c__DisplayClass34_0., took 1 ms.
TpTrace Verbose: 0 : 10280, 7, 2023/09/08, 23:25:12.516, 1378792764916, vstest.console.dll, TcpClientExtensions.MessageLoopAsync: Polling on remoteEndPoint: 127.0.0.1:49870 localEndPoint: 127.0.0.1:49869
TpTrace Verbose: 0 : 10280, 4, 2023/09/08, 23:25:12.516, 1378792764166, vstest.console.dll, MulticastDelegateUtilities.SafeInvoke: InternalTestLoggerEvents.SendTestResult: Invoking callback 1/1 for Microsoft.VisualStudio.TestPlatform.CommandLine.Internal.ConsoleLogger., took 0 ms.
TpTrace Verbose: 0 : 10280, 4, 2023/09/08, 23:25:12.516, 1378792767066, vstest.console.dll, MulticastDelegateUtilities.SafeInvoke: InternalTestLoggerEvents.SendTestResult: Invoking callback 1/1 for Microsoft.VisualStudio.TestPlatform.CommandLine.Internal.ConsoleLogger., took 0 ms.
TpTrace Verbose: 0 : 10280, 4, 2023/09/08, 23:25:12.516, 1378792767681, vstest.console.dll, MulticastDelegateUtilities.SafeInvoke: InternalTestLoggerEvents.SendTestResult: Invoking callback 1/1 for Microsoft.VisualStudio.TestPlatform.CommandLine.Internal.ConsoleLogger., took 0 ms.
TpTrace Verbose: 0 : 10280, 4, 2023/09/08, 23:25:12.516, 1378792768192, vstest.console.dll, MulticastDelegateUtilities.SafeInvoke: InternalTestLoggerEvents.SendTestResult: Invoking callback 1/1 for Microsoft.VisualStudio.TestPlatform.CommandLine.Internal.ConsoleLogger., took 0 ms.
TpTrace Verbose: 0 : 10280, 4, 2023/09/08, 23:25:12.516, 1378792768674, vstest.console.dll, MulticastDelegateUtilities.SafeInvoke: InternalTestLoggerEvents.SendTestResult: Invoking callback 1/1 for Microsoft.VisualStudio.TestPlatform.CommandLine.Internal.ConsoleLogger., took 0 ms.
TpTrace Verbose: 0 : 10280, 4, 2023/09/08, 23:25:12.516, 1378792769642, vstest.console.dll, MulticastDelegateUtilities.SafeInvoke: InternalTestLoggerEvents.SendTestResult: Invoking callback 1/1 for Microsoft.VisualStudio.TestPlatform.CommandLine.Internal.ConsoleLogger., took 0 ms.
TpTrace Verbose: 0 : 10280, 4, 2023/09/08, 23:25:12.517, 1378792770352, vstest.console.dll, MulticastDelegateUtilities.SafeInvoke: InternalTestLoggerEvents.SendTestResult: Invoking callback 1/1 for Microsoft.VisualStudio.TestPlatform.CommandLine.Internal.ConsoleLogger., took 0 ms.
TpTrace Verbose: 0 : 10280, 4, 2023/09/08, 23:25:12.517, 1378792770850, vstest.console.dll, MulticastDelegateUtilities.SafeInvoke: InternalTestLoggerEvents.SendTestResult: Invoking callback 1/1 for Microsoft.VisualStudio.TestPlatform.CommandLine.Internal.ConsoleLogger., took 0 ms.
TpTrace Verbose: 0 : 10280, 4, 2023/09/08, 23:25:12.517, 1378792771324, vstest.console.dll, MulticastDelegateUtilities.SafeInvoke: InternalTestLoggerEvents.SendTestResult: Invoking callback 1/1 for Microsoft.VisualStudio.TestPlatform.CommandLine.Internal.ConsoleLogger., took 0 ms.
TpTrace Verbose: 0 : 10280, 7, 2023/09/08, 23:25:12.544, 1378793042931, vstest.console.dll, TcpClientExtensions.MessageLoopAsync: NotifyDataAvailable remoteEndPoint: 127.0.0.1:49870 localEndPoint: 127.0.0.1:49869
TpTrace Verbose: 0 : 10280, 7, 2023/09/08, 23:25:12.544, 1378793045855, vstest.console.dll, TestRequestSender.OnExecutionMessageReceived: Received message: {"Version":7,"MessageType":"TestExecution.StatsChange","Payload":{"NewTestResults":[{"TestCase":{"Id":"d0faeec6-5a8d-b353-34cf-40f3081128b1","FullyQualifiedName":"BankApplicationTest.CustomerTest.ValidatePassword_Validations","DisplayName":"BankApplicationTest.CustomerTest.ValidatePassword_Validations(password: \"Abc@\", expected: False)","ExecutorUri":"executor://xunit/VsTestRunner2/netcoreapp","Source":"C:\\Users\\user\\Documents\\DecagonTasks\\week-3-task-Esosa-Agbonavbare\\BankApplicationTest\\bin\\Debug\\net6.0\\fine-code-coverage\\build-output\\BankApplicationTest.dll","CodeFilePath":null,"LineNumber":0,"Properties":[]},"Attachments":[],"Outcome":1,"ErrorMessage":null,"ErrorStackTrace":null,"DisplayName":"BankApplicationTest.CustomerTest.ValidatePassword_Validations(password: \"Abc@\", expected: False)","Messages":[],"ComputerName":"DESKTOP-92DFF5B","Duration":"00:00:00.0000119","StartTime":"2023-09-08T22:25:12.5165518+00:00","EndTime":"2023-09-08T22:25:12.5165519+00:00","Properties":[]},{"TestCase":{"Id":"542d341a-9463-3d0f-d898-986e70e0f9c2","FullyQualifiedName":"BankApplicationTest.CustomerTest.ValidatePassword_Validations","DisplayName":"BankApplicationTest.CustomerTest.ValidatePassword_Validations(password: \"@#$%^&\", expected: False)","ExecutorUri":"executor://xunit/VsTestRunner2/netcoreapp","Source":"C:\\Users\\user\\Documents\\DecagonTasks\\week-3-task-Esosa-Agbonavbare\\BankApplicationTest\\bin\\Debug\\net6.0\\fine-code-coverage\\build-output\\BankApplicationTest.dll","CodeFilePath":null,"LineNumber":0,"Properties":[]},"Attachments":[],"Outcome":1,"ErrorMessage":null,"ErrorStackTrace":null,"DisplayName":"BankApplicationTest.CustomerTest.ValidatePassword_Validations(password: \"@#$%^&\", expected: False)","Messages":[],"ComputerName":"DESKTOP-92DFF5B","Duration":"00:00:00.0000135","StartTime":"2023-09-08T22:25:12.5197238+00:00","EndTime":"2023-09-08T22:25:12.519724+00:00","Properties":[]},{"TestCase":{"Id":"f86479e0-4c09-7467-f198-a5047275a000","FullyQualifiedName":"BankApplicationTest.CustomerTest.ValidatePassword_Validations","DisplayName":"BankApplicationTest.CustomerTest.ValidatePassword_Validations(password: \"abcdef\", expected: False)","ExecutorUri":"executor://xunit/VsTestRunner2/netcoreapp","Source":"C:\\Users\\user\\Documents\\DecagonTasks\\week-3-task-Esosa-Agbonavbare\\BankApplicationTest\\bin\\Debug\\net6.0\\fine-code-coverage\\build-output\\BankApplicationTest.dll","CodeFilePath":null,"LineNumber":0,"Properties":[]},"Attachments":[],"Outcome":1,"ErrorMessage":null,"ErrorStackTrace":null,"DisplayName":"BankApplicationTest.CustomerTest.ValidatePassword_Validations(password: \"abcdef\", expected: False)","Messages":[],"ComputerName":"DESKTOP-92DFF5B","Duration":"00:00:00.0000118","StartTime":"2023-09-08T22:25:12.5229601+00:00","EndTime":"2023-09-08T22:25:12.5229602+00:00","Properties":[]},{"TestCase":{"Id":"16cd4706-9e37-524e-fff3-ad2b2000a760","FullyQualifiedName":"BankApplicationTest.CustomerTest.ValidateEmail_Test","DisplayName":"BankApplicationTest.CustomerTest.ValidateEmail_Test","ExecutorUri":"executor://xunit/VsTestRunner2/netcoreapp","Source":"C:\\Users\\user\\Documents\\DecagonTasks\\week-3-task-Esosa-Agbonavbare\\BankApplicationTest\\bin\\Debug\\net6.0\\fine-code-coverage\\build-output\\BankApplicationTest.dll","CodeFilePath":null,"LineNumber":0,"Properties":[]},"Attachments":[],"Outcome":1,"ErrorMessage":null,"ErrorStackTrace":null,"DisplayName":"BankApplicationTest.CustomerTest.ValidateEmail_Test","Messages":[],"ComputerName":"DESKTOP-92DFF5B","Duration":"00:00:00.0129667","StartTime":"2023-09-08T22:25:12.5261282+00:00","EndTime":"2023-09-08T22:25:12.5261283+00:00","Properties":[]},{"TestCase":{"Id":"b9991c22-aaea-bb52-e518-45d5bdfae473","FullyQualifiedName":"BankApplicationTest.CustomerTest.SanitizeName_Test","DisplayName":"BankApplicationTest.CustomerTest.SanitizeName_Test","ExecutorUri":"executor://xunit/VsTestRunner2/netcoreapp","Source":"C:\\Users\\user\\Documents\\DecagonTasks\\week-3-task-Esosa-Agbonavbare\\BankApplicationTest\\bin\\Debug\\net6.0\\fine-code-coverage\\build-output\\BankApplicationTest.dll","CodeFilePath":null,"LineNumber":0,"Properties":[]},"Attachments":[],"Outcome":1,"ErrorMessage":null,"ErrorStackTrace":null,"DisplayName":"BankApplicationTest.CustomerTest.SanitizeName_Test","Messages":[],"ComputerName":"DESKTOP-92DFF5B","Duration":"00:00:00.0008886","StartTime":"2023-09-08T22:25:12.5292578+00:00","EndTime":"2023-09-08T22:25:12.5292579+00:00","Properties":[]},{"TestCase":{"Id":"ecfc5949-e806-63a4-f261-2e0a822dfbd8","FullyQualifiedName":"BankApplicationTest.CustomerTest.HasSavingsAccount_ShouldReturnTrueWhenCustomerHasSavingsAccount","DisplayName":"BankApplicationTest.CustomerTest.HasSavingsAccount_ShouldReturnTrueWhenCustomerHasSavingsAccount","ExecutorUri":"executor://xunit/VsTestRunner2/netcoreapp","Source":"C:\\Users\\user\\Documents\\DecagonTasks\\week-3-task-Esosa-Agbonavbare\\BankApplicationTest\\bin\\Debug\\net6.0\\fine-code-coverage\\build-output\\BankApplicationTest.dll","CodeFilePath":null,"LineNumber":0,"Properties":[]},"Attachments":[],"Outcome":1,"ErrorMessage":null,"ErrorStackTrace":null,"DisplayName":"BankApplicationTest.CustomerTest.HasSavingsAccount_ShouldReturnTrueWhenCustomerHasSavingsAccount","Messages":[],"ComputerName":"DESKTOP-92DFF5B","Duration":"00:00:00.0005752","StartTime":"2023-09-08T22:25:12.5321387+00:00","EndTime":"2023-09-08T22:25:12.5321388+00:00","Properties":[]},{"TestCase":{"Id":"236bf04b-9061-c02e-bd1c-b1de25c20d9d","FullyQualifiedName":"BankApplicationTest.CustomerTest.HasCurrentAccount_ShouldReturnFalseWhenCustomerHasNoCurrentAccount","DisplayName":"BankApplicationTest.CustomerTest.HasCurrentAccount_ShouldReturnFalseWhenCustomerHasNoCurrentAccount","ExecutorUri":"executor://xunit/VsTestRunner2/netcoreapp","Source":"C:\\Users\\user\\Documents\\DecagonTasks\\week-3-task-Esosa-Agbonavbare\\BankApplicationTest\\bin\\Debug\\net6.0\\fine-code-coverage\\build-output\\BankApplicationTest.dll","CodeFilePath":null,"LineNumber":0,"Properties":[]},"Attachments":[],"Outcome":1,"ErrorMessage":null,"ErrorStackTrace":null,"DisplayName":"BankApplicationTest.CustomerTest.HasCurrentAccount_ShouldReturnFalseWhenCustomerHasNoCurrentAccount","Messages":[],"ComputerName":"DESKTOP-92DFF5B","Duration":"00:00:00.0002349","StartTime":"2023-09-08T22:25:12.5356744+00:00","EndTime":"2023-09-08T22:25:12.5356745+00:00","Properties":[]},{"TestCase":{"Id":"5e17469d-2a8f-af84-95bf-6160acd4a97b","FullyQualifiedName":"BankApplicationTest.CustomerTest.HasSavingsAccount_ShouldReturnFalseWhenCustomerHasNoSavingsAccount","DisplayName":"BankApplicationTest.CustomerTest.HasSavingsAccount_ShouldReturnFalseWhenCustomerHasNoSavingsAccount","ExecutorUri":"executor://xunit/VsTestRunner2/netcoreapp","Source":"C:\\Users\\user\\Documents\\DecagonTasks\\week-3-task-Esosa-Agbonavbare\\BankApplicationTest\\bin\\Debug\\net6.0\\fine-code-coverage\\build-output\\BankApplicationTest.dll","CodeFilePath":null,"LineNumber":0,"Properties":[]},"Attachments":[],"Outcome":1,"ErrorMessage":null,"ErrorStackTrace":null,"DisplayName":"BankApplicationTest.CustomerTest.HasSavingsAccount_ShouldReturnFalseWhenCustomerHasNoSavingsAccount","Messages":[],"ComputerName":"DESKTOP-92DFF5B","Duration":"00:00:00.0001258","StartTime":"2023-09-08T22:25:12.5388718+00:00","EndTime":"2023-09-08T22:25:12.5388719+00:00","Properties":[]},{"TestCase":{"Id":"8c1a63ea-8b1c-0ec9-9dc6-a3e04e7d44c2","FullyQualifiedName":"BankApplicationTest.CustomerTest.AddSavingsAccount_ShouldAddSavingAccountToList","DisplayName":"BankApplicationTest.CustomerTest.AddSavingsAccount_ShouldAddSavingAccountToList","ExecutorUri":"executor://xunit/VsTestRunner2/netcoreapp","Source":"C:\\Users\\user\\Documents\\DecagonTasks\\week-3-task-Esosa-Agbonavbare\\BankApplicationTest\\bin\\Debug\\net6.0\\fine-code-coverage\\build-output\\BankApplicationTest.dll","CodeFilePath":null,"LineNumber":0,"Properties":[]},"Attachments":[],"Outcome":1,"ErrorMessage":null,"ErrorStackTrace":null,"DisplayName":"BankApplicationTest.CustomerTest.AddSavingsAccount_ShouldAddSavingAccountToList","Messages":[],"ComputerName":"DESKTOP-92DFF5B","Duration":"00:00:00.0001595","StartTime":"2023-09-08T22:25:12.5418988+00:00","EndTime":"2023-09-08T22:25:12.5418989+00:00","Properties":[]}],"TestRunStatistics":{"ExecutedTests":30,"Stats":{"Passed":30}},"ActiveTests":[{"Id":"04dd9df2-41b9-f9d6-01d4-22c59b962600","FullyQualifiedName":"BankApplicationTest.CustomerTest.HasCurrentAccount_ShouldReturnTrueWhenCustomerHasCurrentAccount","DisplayName":"BankApplicationTest.CustomerTest.HasCurrentAccount_ShouldReturnTrueWhenCustomerHasCurrentAccount","ExecutorUri":"executor://xunit/VsTestRunner2/netcoreapp","Source":"C:\\Users\\user\\Documents\\DecagonTasks\\week-3-task-Esosa-Agbonavbare\\BankApplicationTest\\bin\\Debug\\net6.0\\fine-code-coverage\\build-output\\BankApplicationTest.dll","CodeFilePath":null,"LineNumber":0,"Properties":[]}]}}
TpTrace Verbose: 0 : 10280, 7, 2023/09/08, 23:25:12.552, 1378793120514, vstest.console.dll, TestRunRequest:SendTestRunStatsChange: Starting.
TpTrace Verbose: 0 : 10280, 7, 2023/09/08, 23:25:12.552, 1378793121620, vstest.console.dll, InProgress is BankApplicationTest.CustomerTest.HasCurrentAccount_ShouldReturnTrueWhenCustomerHasCurrentAccount
TpTrace Verbose: 0 : 10280, 7, 2023/09/08, 23:25:12.552, 1378793122499, vstest.console.dll, MulticastDelegateUtilities.SafeInvoke: TestRun.RunStatsChanged: Invoking callbacks was skipped because there are no subscribers.
TpTrace Information: 0 : 10280, 7, 2023/09/08, 23:25:12.552, 1378793123074, vstest.console.dll, TestRunRequest:SendTestRunStatsChange: Completed.
TpTrace Verbose: 0 : 10280, 4, 2023/09/08, 23:25:12.552, 1378793123579, vstest.console.dll, MulticastDelegateUtilities.SafeInvoke: InternalTestLoggerEvents.SendTestResult: Invoking callback 1/1 for Microsoft.VisualStudio.TestPlatform.CommandLine.Internal.ConsoleLogger., took 0 ms.
TpTrace Verbose: 0 : 10280, 7, 2023/09/08, 23:25:12.552, 1378793123760, vstest.console.dll, MulticastDelegateUtilities.SafeInvoke: LengthPrefixCommunicationChannel: MessageReceived: Invoking callback 1/1 for Microsoft.VisualStudio.TestPlatform.CommunicationUtilities.TestRequestSender+<>c__DisplayClass34_0., took 7 ms.
TpTrace Verbose: 0 : 10280, 7, 2023/09/08, 23:25:12.552, 1378793125381, vstest.console.dll, TcpClientExtensions.MessageLoopAsync: Polling on remoteEndPoint: 127.0.0.1:49870 localEndPoint: 127.0.0.1:49869
TpTrace Verbose: 0 : 10280, 4, 2023/09/08, 23:25:12.552, 1378793125021, vstest.console.dll, MulticastDelegateUtilities.SafeInvoke: InternalTestLoggerEvents.SendTestResult: Invoking callback 1/1 for Microsoft.VisualStudio.TestPlatform.CommandLine.Internal.ConsoleLogger., took 0 ms.
TpTrace Verbose: 0 : 10280, 7, 2023/09/08, 23:25:12.552, 1378793126117, vstest.console.dll, TcpClientExtensions.MessageLoopAsync: NotifyDataAvailable remoteEndPoint: 127.0.0.1:49870 localEndPoint: 127.0.0.1:49869
TpTrace Verbose: 0 : 10280, 4, 2023/09/08, 23:25:12.552, 1378793127861, vstest.console.dll, MulticastDelegateUtilities.SafeInvoke: InternalTestLoggerEvents.SendTestResult: Invoking callback 1/1 for Microsoft.VisualStudio.TestPlatform.CommandLine.Internal.ConsoleLogger., took 0 ms.
TpTrace Verbose: 0 : 10280, 7, 2023/09/08, 23:25:12.552, 1378793128583, vstest.console.dll, TestRequestSender.OnExecutionMessageReceived: Received message: {"Version":7,"MessageType":"TestSession.Message","Payload":{"MessageLevel":0,"Message":"[xUnit.net 00:00:01.15]   Finished:    BankApplicationTest"}}
TpTrace Verbose: 0 : 10280, 4, 2023/09/08, 23:25:12.552, 1378793129198, vstest.console.dll, MulticastDelegateUtilities.SafeInvoke: InternalTestLoggerEvents.SendTestResult: Invoking callback 1/1 for Microsoft.VisualStudio.TestPlatform.CommandLine.Internal.ConsoleLogger., took 0 ms.
TpTrace Verbose: 0 : 10280, 7, 2023/09/08, 23:25:12.553, 1378793130227, vstest.console.dll, TestRunRequest:SendTestRunMessage: Starting.
TpTrace Verbose: 0 : 10280, 4, 2023/09/08, 23:25:12.553, 1378793130921, vstest.console.dll, MulticastDelegateUtilities.SafeInvoke: InternalTestLoggerEvents.SendTestResult: Invoking callback 1/1 for Microsoft.VisualStudio.TestPlatform.CommandLine.Internal.ConsoleLogger., took 0 ms.
TpTrace Verbose: 0 : 10280, 7, 2023/09/08, 23:25:12.553, 1378793131510, vstest.console.dll, MulticastDelegateUtilities.SafeInvoke: TestRun.LogMessages: Invoking callback 1/1 for Microsoft.VisualStudio.TestPlatform.CommandLine.TestRunResultAggregator., took 0 ms.
TpTrace Information: 0 : 10280, 7, 2023/09/08, 23:25:12.553, 1378793132591, vstest.console.dll, TestRunRequest:SendTestRunMessage: Completed.
TpTrace Verbose: 0 : 10280, 7, 2023/09/08, 23:25:12.553, 1378793133069, vstest.console.dll, MulticastDelegateUtilities.SafeInvoke: LengthPrefixCommunicationChannel: MessageReceived: Invoking callback 1/1 for Microsoft.VisualStudio.TestPlatform.CommunicationUtilities.TestRequestSender+<>c__DisplayClass34_0., took 0 ms.
TpTrace Verbose: 0 : 10280, 7, 2023/09/08, 23:25:12.553, 1378793133538, vstest.console.dll, TcpClientExtensions.MessageLoopAsync: Polling on remoteEndPoint: 127.0.0.1:49870 localEndPoint: 127.0.0.1:49869
TpTrace Verbose: 0 : 10280, 4, 2023/09/08, 23:25:12.553, 1378793133181, vstest.console.dll, MulticastDelegateUtilities.SafeInvoke: InternalTestLoggerEvents.SendTestResult: Invoking callback 1/1 for Microsoft.VisualStudio.TestPlatform.CommandLine.Internal.ConsoleLogger., took 0 ms.
TpTrace Verbose: 0 : 10280, 4, 2023/09/08, 23:25:12.553, 1378793135615, vstest.console.dll, MulticastDelegateUtilities.SafeInvoke: InternalTestLoggerEvents.SendTestResult: Invoking callback 1/1 for Microsoft.VisualStudio.TestPlatform.CommandLine.Internal.ConsoleLogger., took 0 ms.
TpTrace Verbose: 0 : 10280, 4, 2023/09/08, 23:25:12.553, 1378793136310, vstest.console.dll, MulticastDelegateUtilities.SafeInvoke: InternalTestLoggerEvents.SendTestResult: Invoking callback 1/1 for Microsoft.VisualStudio.TestPlatform.CommandLine.Internal.ConsoleLogger., took 0 ms.
TpTrace Verbose: 0 : 10280, 4, 2023/09/08, 23:25:12.553, 1378793136864, vstest.console.dll, MulticastDelegateUtilities.SafeInvoke: InternalTestLoggerEvents.SendTestResult: Invoking callback 1/1 for Microsoft.VisualStudio.TestPlatform.CommandLine.Internal.ConsoleLogger., took 0 ms.
TpTrace Verbose: 0 : 10280, 4, 2023/09/08, 23:25:12.553, 1378793137432, vstest.console.dll, MulticastDelegateUtilities.SafeInvoke: InternalTestLoggerEvents.SendTestRunMessage: Invoking callback 1/1 for Microsoft.VisualStudio.TestPlatform.CommandLine.Internal.ConsoleLogger., took 0 ms.
TpTrace Verbose: 0 : 10280, 7, 2023/09/08, 23:25:12.589, 1378793491608, vstest.console.dll, TcpClientExtensions.MessageLoopAsync: NotifyDataAvailable remoteEndPoint: 127.0.0.1:49870 localEndPoint: 127.0.0.1:49869
TpTrace Verbose: 0 : 10280, 7, 2023/09/08, 23:25:12.589, 1378793493441, vstest.console.dll, TestRequestSender.OnExecutionMessageReceived: Received message: {"Version":7,"MessageType":"TestExecution.Completed","Payload":{"TestRunCompleteArgs":{"TestRunStatistics":{"ExecutedTests":31,"Stats":{"Passed":31}},"IsCanceled":false,"IsAborted":false,"Error":null,"AttachmentSets":[],"InvokedDataCollectors":[],"ElapsedTimeInRunningTests":"00:00:01.1768992","Metrics":{},"DiscoveredExtensions":{"TestDiscoverers":["Xunit.Runner.VisualStudio.VsTestRunner, xunit.runner.visualstudio.dotnetcore.testadapter, Version=2.4.0.0, Culture=neutral, PublicKeyToken=8d05b1bb7a6fdb6c"],"TestExecutors":["executor://xunit/VsTestRunner2/netcoreapp"],"TestExecutors2":[],"TestSettingsProviders":[]}},"LastRunTests":{"NewTestResults":[{"TestCase":{"Id":"04dd9df2-41b9-f9d6-01d4-22c59b962600","FullyQualifiedName":"BankApplicationTest.CustomerTest.HasCurrentAccount_ShouldReturnTrueWhenCustomerHasCurrentAccount","DisplayName":"BankApplicationTest.CustomerTest.HasCurrentAccount_ShouldReturnTrueWhenCustomerHasCurrentAccount","ExecutorUri":"executor://xunit/VsTestRunner2/netcoreapp","Source":"C:\\Users\\user\\Documents\\DecagonTasks\\week-3-task-Esosa-Agbonavbare\\BankApplicationTest\\bin\\Debug\\net6.0\\fine-code-coverage\\build-output\\BankApplicationTest.dll","CodeFilePath":null,"LineNumber":0,"Properties":[]},"Attachments":[],"Outcome":1,"ErrorMessage":null,"ErrorStackTrace":null,"DisplayName":"BankApplicationTest.CustomerTest.HasCurrentAccount_ShouldReturnTrueWhenCustomerHasCurrentAccount","Messages":[],"ComputerName":"DESKTOP-92DFF5B","Duration":"00:00:00.0001976","StartTime":"2023-09-08T22:25:12.5456945+00:00","EndTime":"2023-09-08T22:25:12.5456945+00:00","Properties":[]}],"TestRunStatistics":{"ExecutedTests":31,"Stats":{"Passed":31}},"ActiveTests":[]},"RunAttachments":[],"ExecutorUris":["executor://xunit/VsTestRunner2/netcoreapp"]}}
TpTrace Verbose: 0 : 10280, 7, 2023/09/08, 23:25:12.589, 1378793494748, vstest.console.dll, TestRequestSender.EndSession: Sending end session.
TpTrace Verbose: 0 : 10280, 7, 2023/09/08, 23:25:12.589, 1378793496753, vstest.console.dll, ProxyOperationManager.Close: waiting for test host to exit for 100 ms
TpTrace Warning: 0 : 10280, 11, 2023/09/08, 23:25:12.633, 1378793929851, vstest.console.dll, TestHostManagerCallbacks.ErrorReceivedCallback Test host standard error line: 
TpTrace Verbose: 0 : 10280, 11, 2023/09/08, 23:25:12.652, 1378794125563, vstest.console.dll, TestHostProvider.ExitCallBack: Host exited starting callback.
TpTrace Information: 0 : 10280, 11, 2023/09/08, 23:25:12.652, 1378794127751, vstest.console.dll, TestHostManagerCallbacks.ExitCallBack: Testhost processId: 10132 exited with exitcode: 0 error: ''
TpTrace Verbose: 0 : 10280, 11, 2023/09/08, 23:25:12.652, 1378794128329, vstest.console.dll, DotnetTestHostManager.OnHostExited: invoking OnHostExited callback
TpTrace Verbose: 0 : 10280, 11, 2023/09/08, 23:25:12.652, 1378794128940, vstest.console.dll, CrossPlatEngine.TestHostManagerHostExited: calling on client process exit callback.
TpTrace Information: 0 : 10280, 11, 2023/09/08, 23:25:12.652, 1378794129572, vstest.console.dll, TestRequestSender.OnClientProcessExit: Test host process exited. Standard error: 
TpTrace Information: 0 : 10280, 11, 2023/09/08, 23:25:12.653, 1378794130047, vstest.console.dll, SocketServer.Stop: Stop server endPoint: 127.0.0.1:49869
TpTrace Information: 0 : 10280, 11, 2023/09/08, 23:25:12.653, 1378794130363, vstest.console.dll, SocketServer.Stop: Cancellation requested. Stopping message loop.
TpTrace Information: 0 : 10280, 7, 2023/09/08, 23:25:12.653, 1378794131345, vstest.console.dll, SocketServer.Stop: Stop server endPoint: 127.0.0.1:49869
TpTrace Information: 0 : 10280, 7, 2023/09/08, 23:25:12.653, 1378794132302, vstest.console.dll, SocketServer.Stop: Cancellation requested. Stopping message loop.
TpTrace Verbose: 0 : 10280, 11, 2023/09/08, 23:25:12.653, 1378794131663, vstest.console.dll, MulticastDelegateUtilities.SafeInvoke: HostProviderEvents.OnHostExited: Invoking callback 1/1 for Microsoft.VisualStudio.TestPlatform.CrossPlatEngine.Client.ProxyOperationManager., took 0 ms.
TpTrace Information: 0 : 10280, 7, 2023/09/08, 23:25:12.653, 1378794133271, vstest.console.dll, Closing the connection
TpTrace Verbose: 0 : 10280, 7, 2023/09/08, 23:25:12.653, 1378794137267, vstest.console.dll, ProxyDataCollectionManager.InvokeDataCollectionServiceAction: Starting.
TpTrace Information: 0 : 10280, 7, 2023/09/08, 23:25:12.653, 1378794137931, vstest.console.dll, ProxyDataCollectionManager.AfterTestRunEnd: Get attachment set and invoked data collectors processId: 3204 port: 49866
TpTrace Verbose: 0 : 10280, 7, 2023/09/08, 23:25:12.653, 1378794138669, vstest.console.dll, DataCollectionRequestSender.SendAfterTestRunStartAndGetResult: Send AfterTestRunEnd message with isCancelled: False
TpTrace Verbose: 0 : 10280, 7, 2023/09/08, 23:25:12.667, 1378794270881, vstest.console.dll, DataCollectionRequestSender.SendAfterTestRunStartAndGetResult: Received message: (DataCollection.AfterTestRunEndResult) -> {"MessageType":"DataCollection.AfterTestRunEndResult","Payload":{"AttachmentSets":[],"InvokedDataCollectors":[{"Uri":"datacollector://Microsoft/TestPlatform/Extensions/Blame/v1","FriendlyName":"Blame","AssemblyQualifiedName":"Microsoft.TestPlatform.Extensions.BlameDataCollector.BlameCollector, Microsoft.TestPlatform.Extensions.BlameDataCollector, Version=15.0.0.0, Culture=neutral, PublicKeyToken=b03f5f7f11d50a3a","FilePath":"C:\\Program Files\\dotnet\\sdk\\7.0.306\\Extensions\\Microsoft.TestPlatform.Extensions.BlameDataCollector.dll","HasAttachmentProcessor":false}],"Metrics":{}}}
TpTrace Warning: 0 : 10280, 10, 2023/09/08, 23:25:12.673, 1378794334355, vstest.console.dll, DataCollectionLauncher.ErrorReceivedCallback datacollector standard error line: 
TpTrace Information: 0 : 10280, 7, 2023/09/08, 23:25:12.677, 1378794372342, vstest.console.dll, ProxyDataCollectionManager.InvokeDataCollectionServiceAction: Completed.
TpTrace Information: 0 : 10280, 10, 2023/09/08, 23:25:12.683, 1378794435662, vstest.console.dll, DataCollectionLauncher.ExitCallBack: Data collector exited with exitcode: 0 error: ''
TpTrace Verbose: 0 : 10280, 7, 2023/09/08, 23:25:12.726, 1378794864540, vstest.console.dll, TestRunRequest:SendTestRunStatsChange: Starting.
TpTrace Verbose: 0 : 10280, 7, 2023/09/08, 23:25:12.726, 1378794866048, vstest.console.dll, MulticastDelegateUtilities.SafeInvoke: TestRun.RunStatsChanged: Invoking callbacks was skipped because there are no subscribers.
TpTrace Information: 0 : 10280, 7, 2023/09/08, 23:25:12.726, 1378794866443, vstest.console.dll, TestRunRequest:SendTestRunStatsChange: Completed.
TpTrace Verbose: 0 : 10280, 4, 2023/09/08, 23:25:12.726, 1378794867513, vstest.console.dll, MulticastDelegateUtilities.SafeInvoke: InternalTestLoggerEvents.SendTestResult: Invoking callback 1/1 for Microsoft.VisualStudio.TestPlatform.CommandLine.Internal.ConsoleLogger., took 0 ms.
TpTrace Verbose: 0 : 10280, 7, 2023/09/08, 23:25:12.727, 1378794872404, vstest.console.dll, ParallelProxyExecutionManager: HandlePartialRunComplete: Total completed clients = 1, Run complete = True, Run canceled: False.
TpTrace Verbose: 0 : 10280, 4, 2023/09/08, 23:25:12.740, 1378795006803, vstest.console.dll, MulticastDelegateUtilities.SafeInvoke: InternalTestLoggerEvents.SendTestRunComplete: Invoking callback 1/2 for Microsoft.TestPlatform.Extensions.BlameDataCollector.BlameLogger., took 0 ms.
TpTrace Verbose: 0 : 10280, 4, 2023/09/08, 23:25:12.748, 1378795086653, vstest.console.dll, MulticastDelegateUtilities.SafeInvoke: InternalTestLoggerEvents.SendTestRunComplete: Invoking callback 2/2 for Microsoft.VisualStudio.TestPlatform.CommandLine.Internal.ConsoleLogger., took 7 ms.
TpTrace Verbose: 0 : 10280, 7, 2023/09/08, 23:25:12.749, 1378795092126, vstest.console.dll, TestRunRequest:TestRunComplete: Starting. IsAborted:False IsCanceled:False.
TpTrace Verbose: 0 : 10280, 7, 2023/09/08, 23:25:12.751, 1378795118810, vstest.console.dll, TestLoggerManager.HandleTestRunComplete: Ignoring as the object is disposed.
TpTrace Verbose: 0 : 10280, 7, 2023/09/08, 23:25:12.752, 1378795122958, vstest.console.dll, MulticastDelegateUtilities.SafeInvoke: TestRun.TestRunComplete: Invoking callback 1/2 for Microsoft.VisualStudio.TestPlatform.CommandLine.TestRunResultAggregator., took 0 ms.
TpTrace Verbose: 0 : 10280, 7, 2023/09/08, 23:25:12.752, 1378795125636, vstest.console.dll, MulticastDelegateUtilities.SafeInvoke: TestRun.TestRunComplete: Invoking callback 2/2 for Microsoft.VisualStudio.TestPlatform.CommandLine.Processors.RunTestsArgumentExecutor+TestRunRequestEventsRegistrar., took 0 ms.
TpTrace Information: 0 : 10280, 7, 2023/09/08, 23:25:12.752, 1378795127101, vstest.console.dll, TestRunRequest:TestRunComplete: Completed.
TpTrace Verbose: 0 : 10280, 7, 2023/09/08, 23:25:12.752, 1378795127859, vstest.console.dll, TestRequestSender.SetOperationComplete: Setting operation complete.
TpTrace Information: 0 : 10280, 7, 2023/09/08, 23:25:12.752, 1378795128631, vstest.console.dll, SocketServer.Stop: Stop server endPoint: 127.0.0.1:49869
TpTrace Verbose: 0 : 10280, 1, 2023/09/08, 23:25:12.752, 1378795128802, vstest.console.dll, TestRunRequest.Dispose: Starting.
TpTrace Information: 0 : 10280, 1, 2023/09/08, 23:25:12.753, 1378795130234, vstest.console.dll, TestRunRequest.Dispose: Completed.
TpTrace Information: 0 : 10280, 7, 2023/09/08, 23:25:12.752, 1378795129104, vstest.console.dll, SocketServer.Stop: Cancellation requested. Stopping message loop.
TpTrace Verbose: 0 : 10280, 7, 2023/09/08, 23:25:12.753, 1378795131672, vstest.console.dll, MulticastDelegateUtilities.SafeInvoke: LengthPrefixCommunicationChannel: MessageReceived: Invoking callback 1/1 for Microsoft.VisualStudio.TestPlatform.CommunicationUtilities.TestRequestSender+<>c__DisplayClass34_0., took 163 ms.
TpTrace Information: 0 : 10280, 1, 2023/09/08, 23:25:12.753, 1378795130917, vstest.console.dll, TestRequestManager.RunTests: run tests completed.
TpTrace Information: 0 : 10280, 7, 2023/09/08, 23:25:12.753, 1378795132464, vstest.console.dll, SocketServer.PrivateStop: Stopping server endPoint: 127.0.0.1:49869 error: 
TpTrace Information: 0 : 10280, 1, 2023/09/08, 23:25:12.753, 1378795134462, vstest.console.dll, RunTestsArgumentProcessor:Execute: Test run is completed.
TpTrace Verbose: 0 : 10280, 1, 2023/09/08, 23:25:12.753, 1378795137102, vstest.console.dll, Executor.Execute: Exiting with exit code of 0
TpTrace Verbose: 0 : 10280, 7, 2023/09/08, 23:25:12.753, 1378795139048, vstest.console.dll, LengthPrefixCommunicationChannel.Dispose: Dispose reader and writer.
TpTrace Information: 0 : 10280, 7, 2023/09/08, 23:25:12.754, 1378795140571, vstest.console.dll, SocketServer.Stop: Raise disconnected event endPoint: 127.0.0.1:49869 error: 
TpTrace Verbose: 0 : 10280, 7, 2023/09/08, 23:25:12.754, 1378795142456, vstest.console.dll, TestRequestSender: OnTestRunAbort: Operation is already complete. Skip error message.
TpTrace Verbose: 0 : 10280, 7, 2023/09/08, 23:25:12.754, 1378795143343, vstest.console.dll, MulticastDelegateUtilities.SafeInvoke: SocketServer: ClientDisconnected: Invoking callback 1/1 for Microsoft.VisualStudio.TestPlatform.CommunicationUtilities.TestRequestSender., took 0 ms.
TpTrace Verbose: 0 : 10280, 7, 2023/09/08, 23:25:12.754, 1378795144129, vstest.console.dll, TcpClientExtensions.MessageLoopAsync: exiting MessageLoopAsync remoteEndPoint: 127.0.0.1:49870 localEndPoint: 127.0.0.1:49869
